<?xml version="1.0" encoding="UTF-8"?>
<coverage generated="1727915804916" clover="3.2.0">
  <project timestamp="1727915804917" name="All files">
    <metrics statements="148" coveredstatements="129" conditionals="70" coveredconditionals="48" methods="54" coveredmethods="54" elements="272" coveredelements="231" complexity="0" loc="148" ncloc="148" packages="1" files="5" classes="5"/>
    <file name="ChangelogProcessor.ts" path="/home/mattias/lnu/courses/1dv610_mjukvarukvalitet/assignments/labs/mddoc-toolkit/lib/ChangelogProcessor.ts">
      <metrics statements="26" coveredstatements="25" conditionals="10" coveredconditionals="8" methods="9" coveredmethods="9"/>
      <line num="11" count="1" type="stmt"/>
      <line num="41" count="10" type="cond" truecount="2" falsecount="0"/>
      <line num="45" count="10" type="cond" truecount="1" falsecount="1"/>
      <line num="49" count="10" type="stmt"/>
      <line num="56" count="1" type="stmt"/>
      <line num="66" count="1" type="stmt"/>
      <line num="73" count="1" type="stmt"/>
      <line num="80" count="1" type="stmt"/>
      <line num="90" count="1" type="stmt"/>
      <line num="97" count="1" type="stmt"/>
      <line num="104" count="1" type="stmt"/>
      <line num="127" count="2" type="stmt"/>
      <line num="128" count="2" type="stmt"/>
      <line num="131" count="2" type="cond" truecount="0" falsecount="1"/>
      <line num="132" count="0" type="stmt"/>
      <line num="135" count="2" type="stmt"/>
      <line num="137" count="2" type="stmt"/>
      <line num="138" count="17" type="cond" truecount="1" falsecount="0"/>
      <line num="139" count="1" type="stmt"/>
      <line num="142" count="17" type="cond" truecount="1" falsecount="0"/>
      <line num="143" count="3" type="stmt"/>
      <line num="146" count="17" type="cond" truecount="1" falsecount="0"/>
      <line num="147" count="2" type="stmt"/>
      <line num="151" count="2" type="cond" truecount="1" falsecount="0"/>
      <line num="152" count="1" type="stmt"/>
      <line num="157" count="1" type="stmt"/>
    </file>
    <file name="HeadingDictionary.ts" path="/home/mattias/lnu/courses/1dv610_mjukvarukvalitet/assignments/labs/mddoc-toolkit/lib/HeadingDictionary.ts">
      <metrics statements="16" coveredstatements="12" conditionals="7" coveredconditionals="3" methods="5" coveredmethods="5"/>
      <line num="27" count="82" type="stmt"/>
      <line num="40" count="82" type="cond" truecount="2" falsecount="0"/>
      <line num="41" count="48" type="stmt"/>
      <line num="44" count="34" type="stmt"/>
      <line num="57" count="4" type="stmt"/>
      <line num="58" count="48" type="stmt"/>
      <line num="59" count="48" type="stmt"/>
      <line num="60" count="48" type="stmt"/>
      <line num="62" count="0" type="cond" truecount="0" falsecount="2"/>
      <line num="63" count="0" type="stmt"/>
      <line num="65" count="0" type="stmt"/>
      <line num="76" count="83" type="stmt"/>
      <line num="86" count="2" type="cond" truecount="1" falsecount="1"/>
      <line num="97" count="1" type="cond" truecount="0" falsecount="1"/>
      <line num="98" count="0" type="stmt"/>
      <line num="100" count="1" type="stmt"/>
    </file>
    <file name="MarkdownParser.ts" path="/home/mattias/lnu/courses/1dv610_mjukvarukvalitet/assignments/labs/mddoc-toolkit/lib/MarkdownParser.ts">
      <metrics statements="84" coveredstatements="71" conditionals="42" coveredconditionals="29" methods="26" coveredmethods="26"/>
      <line num="36" count="34" type="stmt"/>
      <line num="37" count="34" type="stmt"/>
      <line num="38" count="34" type="stmt"/>
      <line num="47" count="34" type="stmt"/>
      <line num="48" count="34" type="stmt"/>
      <line num="51" count="34" type="cond" truecount="2" falsecount="0"/>
      <line num="52" count="24" type="stmt"/>
      <line num="54" count="10" type="stmt"/>
      <line num="69" count="4" type="stmt"/>
      <line num="70" count="24" type="stmt"/>
      <line num="72" count="24" type="stmt"/>
      <line num="73" count="48" type="cond" truecount="1" falsecount="1"/>
      <line num="75" count="48" type="stmt"/>
      <line num="76" count="48" type="stmt"/>
      <line num="79" count="0" type="stmt"/>
      <line num="83" count="24" type="stmt"/>
      <line num="96" count="34" type="cond" truecount="0" falsecount="1"/>
      <line num="97" count="0" type="stmt"/>
      <line num="100" count="34" type="stmt"/>
      <line num="101" count="34" type="stmt"/>
      <line num="103" count="0" type="cond" truecount="0" falsecount="2"/>
      <line num="104" count="0" type="stmt"/>
      <line num="106" count="0" type="stmt"/>
      <line num="108" count="0" type="stmt"/>
      <line num="119" count="34" type="stmt"/>
      <line num="120" count="34" type="stmt"/>
      <line num="122" count="34" type="stmt"/>
      <line num="124" count="337" type="cond" truecount="6" falsecount="0"/>
      <line num="127" count="337" type="stmt"/>
      <line num="133" count="337" type="stmt"/>
      <line num="140" count="34" type="stmt"/>
      <line num="153" count="34" type="stmt"/>
      <line num="159" count="34" type="stmt"/>
      <line num="162" count="34" type="stmt"/>
      <line num="163" count="337" type="stmt"/>
      <line num="164" count="337" type="cond" truecount="2" falsecount="0"/>
      <line num="167" count="337" type="stmt"/>
      <line num="175" count="34" type="stmt"/>
      <line num="185" count="337" type="cond" truecount="2" falsecount="0"/>
      <line num="186" count="324" type="stmt"/>
      <line num="187" count="13" type="cond" truecount="3" falsecount="0"/>
      <line num="188" count="13" type="stmt"/>
      <line num="189" count="13" type="cond" truecount="2" falsecount="0"/>
      <line num="191" count="0" type="stmt"/>
      <line num="203" count="337" type="stmt"/>
      <line num="213" count="2" type="cond" truecount="2" falsecount="1"/>
      <line num="214" count="0" type="stmt"/>
      <line num="236" count="17" type="stmt"/>
      <line num="237" count="17" type="cond" truecount="0" falsecount="1"/>
      <line num="239" count="17" type="stmt"/>
      <line num="253" count="35" type="cond" truecount="1" falsecount="1"/>
      <line num="264" count="2" type="cond" truecount="0" falsecount="1"/>
      <line num="265" count="0" type="stmt"/>
      <line num="267" count="2" type="stmt"/>
      <line num="278" count="1" type="cond" truecount="0" falsecount="1"/>
      <line num="279" count="0" type="stmt"/>
      <line num="281" count="1" type="stmt"/>
      <line num="293" count="18" type="stmt"/>
      <line num="309" count="17" type="cond" truecount="0" falsecount="1"/>
      <line num="310" count="0" type="stmt"/>
      <line num="312" count="17" type="cond" truecount="1" falsecount="1"/>
      <line num="313" count="17" type="stmt"/>
      <line num="314" count="117" type="stmt"/>
      <line num="315" count="366" type="stmt"/>
      <line num="326" count="6" type="stmt"/>
      <line num="328" count="6" type="stmt"/>
      <line num="329" count="27" type="stmt"/>
      <line num="330" count="27" type="cond" truecount="2" falsecount="0"/>
      <line num="333" count="6" type="stmt"/>
      <line num="342" count="6" type="stmt"/>
      <line num="352" count="2" type="stmt"/>
      <line num="354" count="2" type="cond" truecount="0" falsecount="1"/>
      <line num="355" count="0" type="stmt"/>
      <line num="358" count="2" type="stmt"/>
      <line num="372" count="4" type="stmt"/>
      <line num="375" count="4" type="cond" truecount="1" falsecount="0"/>
      <line num="376" count="4" type="cond" truecount="2" falsecount="0"/>
      <line num="379" count="0" type="stmt"/>
      <line num="393" count="2" type="stmt"/>
      <line num="394" count="2" type="stmt"/>
      <line num="395" count="10" type="stmt"/>
      <line num="398" count="2" type="cond" truecount="1" falsecount="0"/>
      <line num="399" count="1" type="stmt"/>
      <line num="401" count="1" type="stmt"/>
    </file>
    <file name="NpmReadmeProcessor.ts" path="/home/mattias/lnu/courses/1dv610_mjukvarukvalitet/assignments/labs/mddoc-toolkit/lib/NpmReadmeProcessor.ts">
      <metrics statements="7" coveredstatements="7" conditionals="5" coveredconditionals="4" methods="4" coveredmethods="4"/>
      <line num="8" count="1" type="stmt"/>
      <line num="39" count="3" type="cond" truecount="2" falsecount="0"/>
      <line num="43" count="3" type="cond" truecount="1" falsecount="1"/>
      <line num="47" count="3" type="stmt"/>
      <line num="56" count="1" type="stmt"/>
      <line num="66" count="1" type="stmt"/>
      <line num="76" count="1" type="stmt"/>
    </file>
    <file name="RepoReadmeProcessor.ts" path="/home/mattias/lnu/courses/1dv610_mjukvarukvalitet/assignments/labs/mddoc-toolkit/lib/RepoReadmeProcessor.ts">
      <metrics statements="15" coveredstatements="14" conditionals="6" coveredconditionals="4" methods="10" coveredmethods="10"/>
      <line num="8" count="2" type="stmt"/>
      <line num="39" count="11" type="cond" truecount="2" falsecount="0"/>
      <line num="43" count="11" type="cond" truecount="1" falsecount="1"/>
      <line num="47" count="11" type="stmt"/>
      <line num="56" count="1" type="stmt"/>
      <line num="66" count="1" type="stmt"/>
      <line num="73" count="1" type="stmt"/>
      <line num="80" count="1" type="stmt"/>
      <line num="90" count="1" type="stmt"/>
      <line num="100" count="1" type="stmt"/>
      <line num="110" count="1" type="stmt"/>
      <line num="122" count="1" type="stmt"/>
      <line num="124" count="1" type="cond" truecount="0" falsecount="1"/>
      <line num="125" count="0" type="stmt"/>
      <line num="128" count="1" type="stmt"/>
    </file>
  </project>
</coverage>
