<?xml version="1.0" encoding="UTF-8"?>
<coverage generated="1729803065649" clover="3.2.0">
  <project timestamp="1729803065649" name="All files">
    <metrics statements="149" coveredstatements="128" conditionals="80" coveredconditionals="52" methods="56" coveredmethods="56" elements="285" coveredelements="236" complexity="0" loc="149" ncloc="149" packages="1" files="5" classes="5"/>
    <file name="ChangelogProcessor.ts" path="/home/mattias/lnu/courses/1dv610_mjukvarukvalitet/assignments/labs/mddoc-toolkit/lib/ChangelogProcessor.ts">
      <metrics statements="26" coveredstatements="25" conditionals="11" coveredconditionals="8" methods="9" coveredmethods="9"/>
      <line num="11" count="1" type="stmt"/>
      <line num="42" count="10" type="cond" truecount="2" falsecount="0"/>
      <line num="46" count="10" type="cond" truecount="1" falsecount="1"/>
      <line num="50" count="10" type="stmt"/>
      <line num="57" count="1" type="stmt"/>
      <line num="67" count="1" type="stmt"/>
      <line num="74" count="1" type="stmt"/>
      <line num="81" count="1" type="stmt"/>
      <line num="91" count="1" type="stmt"/>
      <line num="98" count="1" type="stmt"/>
      <line num="105" count="1" type="stmt"/>
      <line num="128" count="2" type="stmt"/>
      <line num="129" count="2" type="stmt"/>
      <line num="132" count="2" type="cond" truecount="0" falsecount="1"/>
      <line num="133" count="0" type="stmt"/>
      <line num="136" count="2" type="stmt"/>
      <line num="138" count="2" type="stmt"/>
      <line num="139" count="17" type="cond" truecount="1" falsecount="0"/>
      <line num="140" count="1" type="stmt"/>
      <line num="143" count="17" type="cond" truecount="1" falsecount="0"/>
      <line num="144" count="3" type="stmt"/>
      <line num="147" count="17" type="cond" truecount="1" falsecount="0"/>
      <line num="148" count="2" type="stmt"/>
      <line num="152" count="2" type="cond" truecount="1" falsecount="0"/>
      <line num="153" count="1" type="stmt"/>
      <line num="158" count="1" type="stmt"/>
    </file>
    <file name="HeadingDictionary.ts" path="/home/mattias/lnu/courses/1dv610_mjukvarukvalitet/assignments/labs/mddoc-toolkit/lib/HeadingDictionary.ts">
      <metrics statements="14" coveredstatements="10" conditionals="7" coveredconditionals="3" methods="5" coveredmethods="5"/>
      <line num="39" count="85" type="cond" truecount="2" falsecount="0"/>
      <line num="40" count="48" type="stmt"/>
      <line num="43" count="37" type="stmt"/>
      <line num="57" count="48" type="stmt"/>
      <line num="58" count="48" type="stmt"/>
      <line num="59" count="48" type="stmt"/>
      <line num="61" count="0" type="cond" truecount="0" falsecount="2"/>
      <line num="62" count="0" type="stmt"/>
      <line num="64" count="0" type="stmt"/>
      <line num="75" count="83" type="stmt"/>
      <line num="85" count="2" type="cond" truecount="1" falsecount="1"/>
      <line num="97" count="1" type="cond" truecount="0" falsecount="1"/>
      <line num="98" count="0" type="stmt"/>
      <line num="100" count="1" type="stmt"/>
    </file>
    <file name="MarkdownParser.ts" path="/home/mattias/lnu/courses/1dv610_mjukvarukvalitet/assignments/labs/mddoc-toolkit/lib/MarkdownParser.ts">
      <metrics statements="87" coveredstatements="72" conditionals="49" coveredconditionals="33" methods="28" coveredmethods="28"/>
      <line num="54" count="37" type="cond" truecount="2" falsecount="0"/>
      <line num="58" count="37" type="stmt"/>
      <line num="60" count="37" type="cond" truecount="2" falsecount="0"/>
      <line num="61" count="24" type="stmt"/>
      <line num="65" count="13" type="stmt"/>
      <line num="76" count="34" type="cond" truecount="0" falsecount="1"/>
      <line num="77" count="0" type="stmt"/>
      <line num="80" count="34" type="stmt"/>
      <line num="81" count="34" type="cond" truecount="0" falsecount="1"/>
      <line num="82" count="0" type="stmt"/>
      <line num="97" count="3" type="cond" truecount="2" falsecount="1"/>
      <line num="98" count="0" type="stmt"/>
      <line num="102" count="3" type="stmt"/>
      <line num="117" count="24" type="stmt"/>
      <line num="119" count="24" type="stmt"/>
      <line num="120" count="48" type="cond" truecount="1" falsecount="1"/>
      <line num="122" count="48" type="stmt"/>
      <line num="123" count="48" type="stmt"/>
      <line num="126" count="0" type="stmt"/>
      <line num="130" count="24" type="stmt"/>
      <line num="143" count="34" type="stmt"/>
      <line num="145" count="34" type="stmt"/>
      <line num="146" count="34" type="stmt"/>
      <line num="148" count="0" type="cond" truecount="0" falsecount="2"/>
      <line num="149" count="0" type="stmt"/>
      <line num="151" count="0" type="stmt"/>
      <line num="153" count="0" type="stmt"/>
      <line num="164" count="37" type="stmt"/>
      <line num="165" count="37" type="stmt"/>
      <line num="167" count="37" type="stmt"/>
      <line num="169" count="347" type="cond" truecount="6" falsecount="0"/>
      <line num="172" count="347" type="stmt"/>
      <line num="178" count="347" type="stmt"/>
      <line num="185" count="37" type="stmt"/>
      <line num="198" count="37" type="stmt"/>
      <line num="204" count="37" type="stmt"/>
      <line num="207" count="37" type="stmt"/>
      <line num="208" count="347" type="stmt"/>
      <line num="209" count="347" type="cond" truecount="2" falsecount="0"/>
      <line num="212" count="347" type="stmt"/>
      <line num="220" count="37" type="stmt"/>
      <line num="230" count="347" type="cond" truecount="2" falsecount="0"/>
      <line num="231" count="331" type="stmt"/>
      <line num="232" count="16" type="cond" truecount="3" falsecount="0"/>
      <line num="233" count="16" type="stmt"/>
      <line num="234" count="16" type="cond" truecount="2" falsecount="0"/>
      <line num="236" count="0" type="stmt"/>
      <line num="248" count="347" type="stmt"/>
      <line num="258" count="2" type="cond" truecount="2" falsecount="1"/>
      <line num="259" count="0" type="stmt"/>
      <line num="281" count="17" type="stmt"/>
      <line num="282" count="17" type="cond" truecount="0" falsecount="1"/>
      <line num="284" count="17" type="stmt"/>
      <line num="298" count="35" type="cond" truecount="1" falsecount="1"/>
      <line num="309" count="2" type="cond" truecount="0" falsecount="1"/>
      <line num="310" count="0" type="stmt"/>
      <line num="312" count="2" type="stmt"/>
      <line num="323" count="1" type="cond" truecount="0" falsecount="1"/>
      <line num="324" count="0" type="stmt"/>
      <line num="326" count="1" type="stmt"/>
      <line num="338" count="18" type="stmt"/>
      <line num="354" count="17" type="cond" truecount="0" falsecount="1"/>
      <line num="355" count="0" type="stmt"/>
      <line num="357" count="17" type="cond" truecount="1" falsecount="1"/>
      <line num="358" count="17" type="stmt"/>
      <line num="359" count="117" type="stmt"/>
      <line num="360" count="366" type="stmt"/>
      <line num="371" count="6" type="stmt"/>
      <line num="373" count="6" type="stmt"/>
      <line num="374" count="27" type="stmt"/>
      <line num="375" count="27" type="cond" truecount="2" falsecount="0"/>
      <line num="378" count="6" type="stmt"/>
      <line num="387" count="9" type="stmt"/>
      <line num="397" count="2" type="stmt"/>
      <line num="399" count="2" type="cond" truecount="0" falsecount="1"/>
      <line num="400" count="0" type="stmt"/>
      <line num="403" count="2" type="stmt"/>
      <line num="417" count="4" type="stmt"/>
      <line num="420" count="4" type="cond" truecount="1" falsecount="0"/>
      <line num="421" count="4" type="cond" truecount="2" falsecount="0"/>
      <line num="424" count="0" type="stmt"/>
      <line num="438" count="2" type="stmt"/>
      <line num="439" count="2" type="stmt"/>
      <line num="440" count="10" type="stmt"/>
      <line num="443" count="2" type="cond" truecount="1" falsecount="0"/>
      <line num="444" count="1" type="stmt"/>
      <line num="446" count="1" type="stmt"/>
    </file>
    <file name="NpmReadmeProcessor.ts" path="/home/mattias/lnu/courses/1dv610_mjukvarukvalitet/assignments/labs/mddoc-toolkit/lib/NpmReadmeProcessor.ts">
      <metrics statements="7" coveredstatements="7" conditionals="6" coveredconditionals="4" methods="4" coveredmethods="4"/>
      <line num="8" count="1" type="stmt"/>
      <line num="40" count="3" type="cond" truecount="2" falsecount="0"/>
      <line num="44" count="3" type="cond" truecount="1" falsecount="1"/>
      <line num="48" count="3" type="stmt"/>
      <line num="57" count="1" type="stmt"/>
      <line num="67" count="1" type="stmt"/>
      <line num="77" count="1" type="stmt"/>
    </file>
    <file name="RepoReadmeProcessor.ts" path="/home/mattias/lnu/courses/1dv610_mjukvarukvalitet/assignments/labs/mddoc-toolkit/lib/RepoReadmeProcessor.ts">
      <metrics statements="15" coveredstatements="14" conditionals="7" coveredconditionals="4" methods="10" coveredmethods="10"/>
      <line num="8" count="2" type="stmt"/>
      <line num="40" count="11" type="cond" truecount="2" falsecount="0"/>
      <line num="44" count="11" type="cond" truecount="1" falsecount="1"/>
      <line num="48" count="11" type="stmt"/>
      <line num="57" count="1" type="stmt"/>
      <line num="67" count="1" type="stmt"/>
      <line num="74" count="1" type="stmt"/>
      <line num="81" count="1" type="stmt"/>
      <line num="91" count="1" type="stmt"/>
      <line num="101" count="1" type="stmt"/>
      <line num="111" count="1" type="stmt"/>
      <line num="123" count="1" type="stmt"/>
      <line num="125" count="1" type="cond" truecount="0" falsecount="1"/>
      <line num="126" count="0" type="stmt"/>
      <line num="129" count="1" type="stmt"/>
    </file>
  </project>
</coverage>
