{"/home/mattias/lnu/courses/1dv610_mjukvarukvalitet/assignments/labs/mddoc-toolkit/lib/ChangelogProcessor.ts": {"path":"/home/mattias/lnu/courses/1dv610_mjukvarukvalitet/assignments/labs/mddoc-toolkit/lib/ChangelogProcessor.ts","statementMap":{"0":{"start":{"line":12,"column":32},"end":{"line":12,"column":74}},"1":{"start":{"line":44,"column":6},"end":{"line":45,"column":74}},"2":{"start":{"line":48,"column":33},"end":{"line":50,"column":57}},"3":{"start":{"line":52,"column":4},"end":{"line":52,"column":null}},"4":{"start":{"line":59,"column":4},"end":{"line":62,"column":null}},"5":{"start":{"line":69,"column":4},"end":{"line":69,"column":null}},"6":{"start":{"line":76,"column":4},"end":{"line":76,"column":null}},"7":{"start":{"line":83,"column":4},"end":{"line":86,"column":null}},"8":{"start":{"line":93,"column":4},"end":{"line":93,"column":null}},"9":{"start":{"line":100,"column":4},"end":{"line":100,"column":null}},"10":{"start":{"line":107,"column":4},"end":{"line":107,"column":null}},"11":{"start":{"line":130,"column":21},"end":{"line":130,"column":34}},"12":{"start":{"line":131,"column":31},"end":{"line":131,"column":33}},"13":{"start":{"line":134,"column":4},"end":{"line":136,"column":5}},"14":{"start":{"line":135,"column":7},"end":{"line":135,"column":null}},"15":{"start":{"line":138,"column":20},"end":{"line":138,"column":25}},"16":{"start":{"line":140,"column":4},"end":{"line":152,"column":5}},"17":{"start":{"line":141,"column":6},"end":{"line":143,"column":7}},"18":{"start":{"line":142,"column":8},"end":{"line":142,"column":25}},"19":{"start":{"line":145,"column":6},"end":{"line":147,"column":7}},"20":{"start":{"line":146,"column":8},"end":{"line":146,"column":null}},"21":{"start":{"line":149,"column":6},"end":{"line":151,"column":7}},"22":{"start":{"line":150,"column":8},"end":{"line":150,"column":13}},"23":{"start":{"line":154,"column":4},"end":{"line":158,"column":5}},"24":{"start":{"line":155,"column":6},"end":{"line":157,"column":null}},"25":{"start":{"line":160,"column":4},"end":{"line":160,"column":null}}},"fnMap":{"0":{"name":"(anonymous_0)","decl":{"start":{"line":37,"column":2},"end":{"line":37,"column":null}},"loc":{"start":{"line":40,"column":61},"end":{"line":53,"column":3}}},"1":{"name":"(anonymous_1)","decl":{"start":{"line":58,"column":2},"end":{"line":58,"column":13}},"loc":{"start":{"line":58,"column":30},"end":{"line":63,"column":3}}},"2":{"name":"(anonymous_2)","decl":{"start":{"line":68,"column":2},"end":{"line":68,"column":13}},"loc":{"start":{"line":68,"column":26},"end":{"line":70,"column":3}}},"3":{"name":"(anonymous_3)","decl":{"start":{"line":75,"column":2},"end":{"line":75,"column":13}},"loc":{"start":{"line":75,"column":28},"end":{"line":77,"column":3}}},"4":{"name":"(anonymous_4)","decl":{"start":{"line":82,"column":2},"end":{"line":82,"column":13}},"loc":{"start":{"line":82,"column":31},"end":{"line":87,"column":3}}},"5":{"name":"(anonymous_5)","decl":{"start":{"line":92,"column":2},"end":{"line":92,"column":13}},"loc":{"start":{"line":92,"column":28},"end":{"line":94,"column":3}}},"6":{"name":"(anonymous_6)","decl":{"start":{"line":99,"column":2},"end":{"line":99,"column":13}},"loc":{"start":{"line":99,"column":21},"end":{"line":101,"column":3}}},"7":{"name":"(anonymous_7)","decl":{"start":{"line":106,"column":2},"end":{"line":106,"column":13}},"loc":{"start":{"line":106,"column":28},"end":{"line":108,"column":3}}},"8":{"name":"(anonymous_8)","decl":{"start":{"line":126,"column":9},"end":{"line":126,"column":34}},"loc":{"start":{"line":128,"column":22},"end":{"line":161,"column":3}}}},"branchMap":{"0":{"loc":{"start":{"line":39,"column":4},"end":{"line":39,"column":30}},"type":"default-arg","locations":[{"start":{"line":39,"column":26},"end":{"line":39,"column":30}}]},"1":{"loc":{"start":{"line":40,"column":4},"end":{"line":40,"column":61}},"type":"default-arg","locations":[{"start":{"line":40,"column":36},"end":{"line":40,"column":61}}]},"2":{"loc":{"start":{"line":44,"column":6},"end":{"line":45,"column":74}},"type":"binary-expr","locations":[{"start":{"line":44,"column":6},"end":{"line":44,"column":38}},{"start":{"line":45,"column":6},"end":{"line":45,"column":74}}]},"3":{"loc":{"start":{"line":48,"column":33},"end":{"line":50,"column":57}},"type":"cond-expr","locations":[{"start":{"line":49,"column":8},"end":{"line":49,"column":27}},{"start":{"line":50,"column":8},"end":{"line":50,"column":57}}]},"4":{"loc":{"start":{"line":134,"column":4},"end":{"line":136,"column":5}},"type":"if","locations":[{"start":{"line":134,"column":4},"end":{"line":136,"column":5}}]},"5":{"loc":{"start":{"line":141,"column":6},"end":{"line":143,"column":7}},"type":"if","locations":[{"start":{"line":141,"column":6},"end":{"line":143,"column":7}}]},"6":{"loc":{"start":{"line":145,"column":6},"end":{"line":147,"column":7}},"type":"if","locations":[{"start":{"line":145,"column":6},"end":{"line":147,"column":7}}]},"7":{"loc":{"start":{"line":149,"column":6},"end":{"line":151,"column":7}},"type":"if","locations":[{"start":{"line":149,"column":6},"end":{"line":151,"column":7}}]},"8":{"loc":{"start":{"line":154,"column":4},"end":{"line":158,"column":5}},"type":"if","locations":[{"start":{"line":154,"column":4},"end":{"line":158,"column":5}}]}},"s":{"0":1,"1":10,"2":10,"3":10,"4":1,"5":1,"6":1,"7":1,"8":1,"9":1,"10":1,"11":2,"12":2,"13":2,"14":0,"15":2,"16":2,"17":17,"18":1,"19":17,"20":3,"21":17,"22":2,"23":2,"24":1,"25":1},"f":{"0":10,"1":1,"2":1,"3":1,"4":1,"5":1,"6":1,"7":1,"8":2},"b":{"0":[0],"1":[10],"2":[10,10],"3":[0,10],"4":[0],"5":[1],"6":[3],"7":[2],"8":[1]}}
,"/home/mattias/lnu/courses/1dv610_mjukvarukvalitet/assignments/labs/mddoc-toolkit/lib/HeadingDictionary.ts": {"path":"/home/mattias/lnu/courses/1dv610_mjukvarukvalitet/assignments/labs/mddoc-toolkit/lib/HeadingDictionary.ts","statementMap":{"0":{"start":{"line":41,"column":4},"end":{"line":46,"column":5}},"1":{"start":{"line":42,"column":29},"end":{"line":42,"column":59}},"2":{"start":{"line":43,"column":6},"end":{"line":43,"column":null}},"3":{"start":{"line":45,"column":6},"end":{"line":45,"column":null}},"4":{"start":{"line":59,"column":4},"end":{"line":68,"column":5}},"5":{"start":{"line":60,"column":26},"end":{"line":60,"column":57}},"6":{"start":{"line":61,"column":6},"end":{"line":61,"column":null}},"7":{"start":{"line":63,"column":6},"end":{"line":67,"column":7}},"8":{"start":{"line":64,"column":8},"end":{"line":64,"column":null}},"9":{"start":{"line":66,"column":8},"end":{"line":66,"column":null}},"10":{"start":{"line":77,"column":4},"end":{"line":77,"column":null}},"11":{"start":{"line":87,"column":4},"end":{"line":87,"column":null}},"12":{"start":{"line":99,"column":4},"end":{"line":101,"column":5}},"13":{"start":{"line":100,"column":6},"end":{"line":100,"column":null}},"14":{"start":{"line":102,"column":4},"end":{"line":102,"column":null}},"15":{"start":{"line":112,"column":23},"end":{"line":112,"column":53}},"16":{"start":{"line":113,"column":22},"end":{"line":113,"column":41}},"17":{"start":{"line":114,"column":4},"end":{"line":114,"column":null}}},"fnMap":{"0":{"name":"(anonymous_0)","decl":{"start":{"line":39,"column":2},"end":{"line":39,"column":21}},"loc":{"start":{"line":39,"column":46},"end":{"line":47,"column":3}}},"1":{"name":"(anonymous_1)","decl":{"start":{"line":58,"column":10},"end":{"line":58,"column":32}},"loc":{"start":{"line":58,"column":49},"end":{"line":69,"column":3}}},"2":{"name":"(anonymous_2)","decl":{"start":{"line":76,"column":2},"end":{"line":76,"column":13}},"loc":{"start":{"line":76,"column":23},"end":{"line":78,"column":3}}},"3":{"name":"(anonymous_3)","decl":{"start":{"line":86,"column":9},"end":{"line":86,"column":30}},"loc":{"start":{"line":86,"column":46},"end":{"line":88,"column":3}}},"4":{"name":"(anonymous_4)","decl":{"start":{"line":98,"column":9},"end":{"line":98,"column":29}},"loc":{"start":{"line":98,"column":62},"end":{"line":103,"column":3}}},"5":{"name":"(anonymous_5)","decl":{"start":{"line":111,"column":10},"end":{"line":111,"column":21}},"loc":{"start":{"line":111,"column":42},"end":{"line":115,"column":3}}}},"branchMap":{"0":{"loc":{"start":{"line":41,"column":4},"end":{"line":46,"column":5}},"type":"if","locations":[{"start":{"line":41,"column":4},"end":{"line":46,"column":5}},{"start":{"line":44,"column":11},"end":{"line":46,"column":5}}]},"1":{"loc":{"start":{"line":63,"column":6},"end":{"line":67,"column":7}},"type":"if","locations":[{"start":{"line":63,"column":6},"end":{"line":67,"column":7}},{"start":{"line":65,"column":13},"end":{"line":67,"column":7}}]},"2":{"loc":{"start":{"line":87,"column":11},"end":{"line":87,"column":48}},"type":"binary-expr","locations":[{"start":{"line":87,"column":11},"end":{"line":87,"column":42}},{"start":{"line":87,"column":46},"end":{"line":87,"column":48}}]},"3":{"loc":{"start":{"line":99,"column":4},"end":{"line":101,"column":5}},"type":"if","locations":[{"start":{"line":99,"column":4},"end":{"line":101,"column":5}}]}},"s":{"0":76,"1":45,"2":45,"3":31,"4":45,"5":45,"6":45,"7":0,"8":0,"9":0,"10":79,"11":0,"12":0,"13":0,"14":0,"15":45,"16":45,"17":45},"f":{"0":76,"1":45,"2":79,"3":0,"4":0,"5":45},"b":{"0":[45,31],"1":[0,0],"2":[0,0],"3":[0]}}
,"/home/mattias/lnu/courses/1dv610_mjukvarukvalitet/assignments/labs/mddoc-toolkit/lib/MarkdownParser.ts": {"path":"/home/mattias/lnu/courses/1dv610_mjukvarukvalitet/assignments/labs/mddoc-toolkit/lib/MarkdownParser.ts","statementMap":{"0":{"start":{"line":41,"column":4},"end":{"line":43,"column":null}},"1":{"start":{"line":45,"column":4},"end":{"line":45,"column":null}},"2":{"start":{"line":47,"column":4},"end":{"line":53,"column":5}},"3":{"start":{"line":48,"column":6},"end":{"line":50,"column":null}},"4":{"start":{"line":52,"column":6},"end":{"line":52,"column":null}},"5":{"start":{"line":63,"column":4},"end":{"line":65,"column":5}},"6":{"start":{"line":64,"column":6},"end":{"line":64,"column":null}},"7":{"start":{"line":67,"column":26},"end":{"line":67,"column":29}},"8":{"start":{"line":68,"column":4},"end":{"line":72,"column":5}},"9":{"start":{"line":69,"column":6},"end":{"line":71,"column":null}},"10":{"start":{"line":84,"column":4},"end":{"line":88,"column":5}},"11":{"start":{"line":85,"column":6},"end":{"line":87,"column":null}},"12":{"start":{"line":89,"column":4},"end":{"line":89,"column":null}},"13":{"start":{"line":106,"column":39},"end":{"line":106,"column":41}},"14":{"start":{"line":108,"column":4},"end":{"line":117,"column":null}},"15":{"start":{"line":109,"column":6},"end":{"line":116,"column":7}},"16":{"start":{"line":111,"column":27},"end":{"line":111,"column":71}},"17":{"start":{"line":112,"column":8},"end":{"line":112,"column":null}},"18":{"start":{"line":115,"column":8},"end":{"line":115,"column":null}},"19":{"start":{"line":119,"column":4},"end":{"line":119,"column":null}},"20":{"start":{"line":132,"column":4},"end":{"line":132,"column":null}},"21":{"start":{"line":134,"column":4},"end":{"line":143,"column":5}},"22":{"start":{"line":135,"column":6},"end":{"line":135,"column":null}},"23":{"start":{"line":137,"column":6},"end":{"line":141,"column":7}},"24":{"start":{"line":138,"column":8},"end":{"line":138,"column":null}},"25":{"start":{"line":140,"column":8},"end":{"line":140,"column":null}},"26":{"start":{"line":142,"column":6},"end":{"line":142,"column":null}},"27":{"start":{"line":154,"column":21},"end":{"line":154,"column":50}},"28":{"start":{"line":155,"column":32},"end":{"line":155,"column":34}},"29":{"start":{"line":157,"column":4},"end":{"line":193,"column":null}},"30":{"start":{"line":158,"column":27},"end":{"line":158,"column":40}},"31":{"start":{"line":159,"column":31},"end":{"line":159,"column":80}},"32":{"start":{"line":162,"column":21},"end":{"line":166,"column":14}},"33":{"start":{"line":169,"column":6},"end":{"line":185,"column":7}},"34":{"start":{"line":169,"column":19},"end":{"line":169,"column":28}},"35":{"start":{"line":170,"column":8},"end":{"line":184,"column":9}},"36":{"start":{"line":171,"column":29},"end":{"line":171,"column":40}},"37":{"start":{"line":173,"column":12},"end":{"line":173,"column":57}},"38":{"start":{"line":174,"column":30},"end":{"line":178,"column":18}},"39":{"start":{"line":181,"column":10},"end":{"line":181,"column":null}},"40":{"start":{"line":183,"column":10},"end":{"line":183,"column":15}},"41":{"start":{"line":188,"column":6},"end":{"line":192,"column":null}},"42":{"start":{"line":195,"column":4},"end":{"line":195,"column":null}},"43":{"start":{"line":208,"column":25},"end":{"line":208,"column":60}},"44":{"start":{"line":214,"column":10},"end":{"line":214,"column":12}},"45":{"start":{"line":217,"column":4},"end":{"line":228,"column":5}},"46":{"start":{"line":218,"column":20},"end":{"line":218,"column":62}},"47":{"start":{"line":219,"column":19},"end":{"line":219,"column":63}},"48":{"start":{"line":222,"column":6},"end":{"line":227,"column":null}},"49":{"start":{"line":230,"column":4},"end":{"line":230,"column":null}},"50":{"start":{"line":240,"column":4},"end":{"line":245,"column":5}},"51":{"start":{"line":241,"column":6},"end":{"line":241,"column":29}},"52":{"start":{"line":242,"column":11},"end":{"line":245,"column":5}},"53":{"start":{"line":243,"column":24},"end":{"line":243,"column":39}},"54":{"start":{"line":244,"column":6},"end":{"line":244,"column":42}},"55":{"start":{"line":246,"column":4},"end":{"line":246,"column":null}},"56":{"start":{"line":262,"column":4},"end":{"line":262,"column":null}},"57":{"start":{"line":272,"column":4},"end":{"line":274,"column":5}},"58":{"start":{"line":273,"column":6},"end":{"line":273,"column":null}},"59":{"start":{"line":295,"column":21},"end":{"line":295,"column":72}},"60":{"start":{"line":298,"column":4},"end":{"line":305,"column":5}},"61":{"start":{"line":299,"column":6},"end":{"line":304,"column":null}},"62":{"start":{"line":308,"column":4},"end":{"line":311,"column":null}},"63":{"start":{"line":308,"column":38},"end":{"line":311,"column":6}},"64":{"start":{"line":322,"column":4},"end":{"line":322,"column":null}},"65":{"start":{"line":333,"column":4},"end":{"line":335,"column":5}},"66":{"start":{"line":334,"column":6},"end":{"line":334,"column":null}},"67":{"start":{"line":336,"column":4},"end":{"line":336,"column":null}},"68":{"start":{"line":347,"column":4},"end":{"line":349,"column":5}},"69":{"start":{"line":348,"column":6},"end":{"line":348,"column":null}},"70":{"start":{"line":350,"column":4},"end":{"line":350,"column":null}},"71":{"start":{"line":362,"column":4},"end":{"line":364,"column":null}},"72":{"start":{"line":375,"column":4},"end":{"line":376,"column":null}},"73":{"start":{"line":376,"column":6},"end":{"line":376,"column":null}},"74":{"start":{"line":378,"column":21},"end":{"line":378,"column":55}},"75":{"start":{"line":379,"column":40},"end":{"line":379,"column":42}},"76":{"start":{"line":381,"column":41},"end":{"line":381,"column":45}},"77":{"start":{"line":383,"column":4},"end":{"line":404,"column":5}},"78":{"start":{"line":384,"column":22},"end":{"line":385,"column":null}},"79":{"start":{"line":385,"column":8},"end":{"line":385,"column":55}},"80":{"start":{"line":389,"column":6},"end":{"line":403,"column":7}},"81":{"start":{"line":390,"column":8},"end":{"line":392,"column":9}},"82":{"start":{"line":391,"column":10},"end":{"line":391,"column":null}},"83":{"start":{"line":393,"column":8},"end":{"line":393,"column":null}},"84":{"start":{"line":394,"column":13},"end":{"line":403,"column":7}},"85":{"start":{"line":396,"column":8},"end":{"line":396,"column":null}},"86":{"start":{"line":399,"column":8},"end":{"line":402,"column":9}},"87":{"start":{"line":400,"column":10},"end":{"line":400,"column":null}},"88":{"start":{"line":401,"column":10},"end":{"line":401,"column":null}},"89":{"start":{"line":406,"column":4},"end":{"line":408,"column":5}},"90":{"start":{"line":407,"column":6},"end":{"line":407,"column":null}},"91":{"start":{"line":410,"column":4},"end":{"line":410,"column":null}},"92":{"start":{"line":419,"column":50},"end":{"line":419,"column":52}},"93":{"start":{"line":421,"column":4},"end":{"line":424,"column":null}},"94":{"start":{"line":422,"column":20},"end":{"line":422,"column":33}},"95":{"start":{"line":423,"column":6},"end":{"line":423,"column":null}},"96":{"start":{"line":426,"column":4},"end":{"line":426,"column":null}},"97":{"start":{"line":435,"column":4},"end":{"line":435,"column":null}},"98":{"start":{"line":445,"column":25},"end":{"line":446,"column":null}},"99":{"start":{"line":446,"column":19},"end":{"line":446,"column":38}},"100":{"start":{"line":449,"column":4},"end":{"line":451,"column":5}},"101":{"start":{"line":450,"column":6},"end":{"line":450,"column":null}},"102":{"start":{"line":453,"column":4},"end":{"line":453,"column":null}},"103":{"start":{"line":467,"column":26},"end":{"line":467,"column":53}},"104":{"start":{"line":470,"column":4},"end":{"line":472,"column":5}},"105":{"start":{"line":471,"column":6},"end":{"line":471,"column":39}},"106":{"start":{"line":474,"column":4},"end":{"line":474,"column":null}},"107":{"start":{"line":485,"column":4},"end":{"line":485,"column":null}},"108":{"start":{"line":486,"column":29},"end":{"line":487,"column":null}},"109":{"start":{"line":487,"column":6},"end":{"line":487,"column":67}},"110":{"start":{"line":490,"column":4},"end":{"line":492,"column":5}},"111":{"start":{"line":491,"column":6},"end":{"line":491,"column":null}},"112":{"start":{"line":493,"column":4},"end":{"line":493,"column":null}},"113":{"start":{"line":503,"column":21},"end":{"line":503,"column":55}},"114":{"start":{"line":506,"column":25},"end":{"line":506,"column":72}},"115":{"start":{"line":506,"column":52},"end":{"line":506,"column":71}},"116":{"start":{"line":508,"column":4},"end":{"line":510,"column":5}},"117":{"start":{"line":509,"column":6},"end":{"line":509,"column":null}},"118":{"start":{"line":514,"column":6},"end":{"line":515,"column":43}},"119":{"start":{"line":514,"column":33},"end":{"line":514,"column":77}},"120":{"start":{"line":518,"column":17},"end":{"line":521,"column":null}},"121":{"start":{"line":525,"column":4},"end":{"line":529,"column":null}}},"fnMap":{"0":{"name":"(anonymous_0)","decl":{"start":{"line":36,"column":2},"end":{"line":36,"column":null}},"loc":{"start":{"line":39,"column":38},"end":{"line":54,"column":3}}},"1":{"name":"(anonymous_1)","decl":{"start":{"line":62,"column":10},"end":{"line":62,"column":26}},"loc":{"start":{"line":62,"column":43},"end":{"line":73,"column":3}}},"2":{"name":"(anonymous_2)","decl":{"start":{"line":83,"column":10},"end":{"line":83,"column":33}},"loc":{"start":{"line":83,"column":49},"end":{"line":90,"column":3}}},"3":{"name":"(anonymous_3)","decl":{"start":{"line":103,"column":10},"end":{"line":103,"column":27}},"loc":{"start":{"line":104,"column":48},"end":{"line":120,"column":3}}},"4":{"name":"(anonymous_4)","decl":{"start":{"line":108,"column":32},"end":{"line":108,"column":33}},"loc":{"start":{"line":108,"column":47},"end":{"line":117,"column":5}}},"5":{"name":"(anonymous_5)","decl":{"start":{"line":131,"column":10},"end":{"line":131,"column":26}},"loc":{"start":{"line":131,"column":43},"end":{"line":144,"column":3}}},"6":{"name":"(anonymous_6)","decl":{"start":{"line":153,"column":10},"end":{"line":153,"column":25}},"loc":{"start":{"line":153,"column":41},"end":{"line":196,"column":3}}},"7":{"name":"(anonymous_7)","decl":{"start":{"line":157,"column":21},"end":{"line":157,"column":22}},"loc":{"start":{"line":157,"column":40},"end":{"line":193,"column":5}}},"8":{"name":"(anonymous_8)","decl":{"start":{"line":204,"column":10},"end":{"line":204,"column":25}},"loc":{"start":{"line":205,"column":19},"end":{"line":231,"column":3}}},"9":{"name":"(anonymous_9)","decl":{"start":{"line":239,"column":10},"end":{"line":239,"column":40}},"loc":{"start":{"line":239,"column":63},"end":{"line":247,"column":3}}},"10":{"name":"(anonymous_10)","decl":{"start":{"line":257,"column":10},"end":{"line":257,"column":21}},"loc":{"start":{"line":260,"column":20},"end":{"line":263,"column":3}}},"11":{"name":"(anonymous_11)","decl":{"start":{"line":271,"column":10},"end":{"line":271,"column":30}},"loc":{"start":{"line":271,"column":46},"end":{"line":275,"column":3}}},"12":{"name":"(anonymous_12)","decl":{"start":{"line":291,"column":12},"end":{"line":291,"column":35}},"loc":{"start":{"line":293,"column":24},"end":{"line":312,"column":3}}},"13":{"name":"(anonymous_13)","decl":{"start":{"line":308,"column":24},"end":{"line":308,"column":25}},"loc":{"start":{"line":308,"column":38},"end":{"line":311,"column":6}}},"14":{"name":"(anonymous_14)","decl":{"start":{"line":321,"column":2},"end":{"line":321,"column":13}},"loc":{"start":{"line":321,"column":23},"end":{"line":323,"column":3}}},"15":{"name":"(anonymous_15)","decl":{"start":{"line":332,"column":9},"end":{"line":332,"column":30}},"loc":{"start":{"line":332,"column":46},"end":{"line":337,"column":3}}},"16":{"name":"(anonymous_16)","decl":{"start":{"line":346,"column":9},"end":{"line":346,"column":29}},"loc":{"start":{"line":346,"column":62},"end":{"line":351,"column":3}}},"17":{"name":"(anonymous_17)","decl":{"start":{"line":361,"column":12},"end":{"line":361,"column":22}},"loc":{"start":{"line":361,"column":35},"end":{"line":365,"column":3}}},"18":{"name":"(anonymous_18)","decl":{"start":{"line":374,"column":9},"end":{"line":374,"column":42}},"loc":{"start":{"line":374,"column":62},"end":{"line":411,"column":3}}},"19":{"name":"(anonymous_19)","decl":{"start":{"line":384,"column":36},"end":{"line":384,"column":37}},"loc":{"start":{"line":385,"column":8},"end":{"line":385,"column":55}}},"20":{"name":"(anonymous_20)","decl":{"start":{"line":418,"column":9},"end":{"line":418,"column":29}},"loc":{"start":{"line":418,"column":29},"end":{"line":427,"column":3}}},"21":{"name":"(anonymous_21)","decl":{"start":{"line":421,"column":32},"end":{"line":421,"column":33}},"loc":{"start":{"line":421,"column":44},"end":{"line":424,"column":5}}},"22":{"name":"(anonymous_22)","decl":{"start":{"line":434,"column":2},"end":{"line":434,"column":13}},"loc":{"start":{"line":434,"column":21},"end":{"line":436,"column":3}}},"23":{"name":"(anonymous_23)","decl":{"start":{"line":444,"column":2},"end":{"line":444,"column":13}},"loc":{"start":{"line":444,"column":18},"end":{"line":454,"column":3}}},"24":{"name":"(anonymous_24)","decl":{"start":{"line":446,"column":6},"end":{"line":446,"column":7}},"loc":{"start":{"line":446,"column":19},"end":{"line":446,"column":38}}},"25":{"name":"(anonymous_25)","decl":{"start":{"line":463,"column":9},"end":{"line":463,"column":25}},"loc":{"start":{"line":464,"column":31},"end":{"line":475,"column":3}}},"26":{"name":"(anonymous_26)","decl":{"start":{"line":484,"column":9},"end":{"line":484,"column":29}},"loc":{"start":{"line":484,"column":45},"end":{"line":494,"column":3}}},"27":{"name":"(anonymous_27)","decl":{"start":{"line":486,"column":56},"end":{"line":486,"column":57}},"loc":{"start":{"line":487,"column":6},"end":{"line":487,"column":67}}},"28":{"name":"(anonymous_28)","decl":{"start":{"line":502,"column":9},"end":{"line":502,"column":28}},"loc":{"start":{"line":502,"column":28},"end":{"line":530,"column":3}}},"29":{"name":"(anonymous_29)","decl":{"start":{"line":506,"column":39},"end":{"line":506,"column":40}},"loc":{"start":{"line":506,"column":52},"end":{"line":506,"column":71}}},"30":{"name":"(anonymous_30)","decl":{"start":{"line":514,"column":20},"end":{"line":514,"column":21}},"loc":{"start":{"line":514,"column":33},"end":{"line":514,"column":77}}}},"branchMap":{"0":{"loc":{"start":{"line":38,"column":4},"end":{"line":38,"column":30}},"type":"default-arg","locations":[{"start":{"line":38,"column":26},"end":{"line":38,"column":30}}]},"1":{"loc":{"start":{"line":39,"column":4},"end":{"line":39,"column":38}},"type":"default-arg","locations":[{"start":{"line":39,"column":36},"end":{"line":39,"column":38}}]},"2":{"loc":{"start":{"line":41,"column":19},"end":{"line":43,"column":51}},"type":"cond-expr","locations":[{"start":{"line":42,"column":8},"end":{"line":42,"column":44}},{"start":{"line":43,"column":8},"end":{"line":43,"column":51}}]},"3":{"loc":{"start":{"line":47,"column":4},"end":{"line":53,"column":5}},"type":"if","locations":[{"start":{"line":47,"column":4},"end":{"line":53,"column":5}},{"start":{"line":51,"column":11},"end":{"line":53,"column":5}}]},"4":{"loc":{"start":{"line":63,"column":4},"end":{"line":65,"column":5}},"type":"if","locations":[{"start":{"line":63,"column":4},"end":{"line":65,"column":5}}]},"5":{"loc":{"start":{"line":68,"column":4},"end":{"line":72,"column":5}},"type":"if","locations":[{"start":{"line":68,"column":4},"end":{"line":72,"column":5}}]},"6":{"loc":{"start":{"line":84,"column":4},"end":{"line":88,"column":5}},"type":"if","locations":[{"start":{"line":84,"column":4},"end":{"line":88,"column":5}}]},"7":{"loc":{"start":{"line":84,"column":8},"end":{"line":84,"column":60}},"type":"binary-expr","locations":[{"start":{"line":84,"column":8},"end":{"line":84,"column":35}},{"start":{"line":84,"column":39},"end":{"line":84,"column":60}}]},"8":{"loc":{"start":{"line":109,"column":6},"end":{"line":116,"column":7}},"type":"if","locations":[{"start":{"line":109,"column":6},"end":{"line":116,"column":7}},{"start":{"line":113,"column":13},"end":{"line":116,"column":7}}]},"9":{"loc":{"start":{"line":137,"column":6},"end":{"line":141,"column":7}},"type":"if","locations":[{"start":{"line":137,"column":6},"end":{"line":141,"column":7}},{"start":{"line":139,"column":13},"end":{"line":141,"column":7}}]},"10":{"loc":{"start":{"line":159,"column":31},"end":{"line":159,"column":80}},"type":"binary-expr","locations":[{"start":{"line":159,"column":31},"end":{"line":159,"column":62}},{"start":{"line":159,"column":66},"end":{"line":159,"column":80}}]},"11":{"loc":{"start":{"line":159,"column":31},"end":{"line":159,"column":62}},"type":"cond-expr","locations":[{"start":{"line":159,"column":50},"end":{"line":159,"column":52}},{"start":{"line":159,"column":50},"end":{"line":159,"column":62}}]},"12":{"loc":{"start":{"line":159,"column":31},"end":{"line":159,"column":52}},"type":"binary-expr","locations":[{"start":{"line":159,"column":31},"end":{"line":159,"column":52}},{"start":{"line":159,"column":50},"end":{"line":159,"column":52}}]},"13":{"loc":{"start":{"line":170,"column":8},"end":{"line":184,"column":9}},"type":"if","locations":[{"start":{"line":170,"column":8},"end":{"line":184,"column":9}},{"start":{"line":182,"column":15},"end":{"line":184,"column":9}}]},"14":{"loc":{"start":{"line":173,"column":12},"end":{"line":173,"column":57}},"type":"binary-expr","locations":[{"start":{"line":173,"column":12},"end":{"line":173,"column":39}},{"start":{"line":173,"column":43},"end":{"line":173,"column":57}}]},"15":{"loc":{"start":{"line":173,"column":12},"end":{"line":173,"column":39}},"type":"cond-expr","locations":[{"start":{"line":173,"column":27},"end":{"line":173,"column":29}},{"start":{"line":173,"column":27},"end":{"line":173,"column":39}}]},"16":{"loc":{"start":{"line":173,"column":12},"end":{"line":173,"column":29}},"type":"binary-expr","locations":[{"start":{"line":173,"column":12},"end":{"line":173,"column":29}},{"start":{"line":173,"column":27},"end":{"line":173,"column":29}}]},"17":{"loc":{"start":{"line":219,"column":19},"end":{"line":219,"column":63}},"type":"cond-expr","locations":[{"start":{"line":219,"column":30},"end":{"line":219,"column":45}},{"start":{"line":219,"column":48},"end":{"line":219,"column":63}}]},"18":{"loc":{"start":{"line":240,"column":4},"end":{"line":245,"column":5}},"type":"if","locations":[{"start":{"line":240,"column":4},"end":{"line":245,"column":5}},{"start":{"line":242,"column":11},"end":{"line":245,"column":5}}]},"19":{"loc":{"start":{"line":242,"column":11},"end":{"line":245,"column":5}},"type":"if","locations":[{"start":{"line":242,"column":11},"end":{"line":245,"column":5}}]},"20":{"loc":{"start":{"line":242,"column":15},"end":{"line":242,"column":35}},"type":"binary-expr","locations":[{"start":{"line":242,"column":15},"end":{"line":242,"column":23}},{"start":{"line":242,"column":27},"end":{"line":242,"column":35}}]},"21":{"loc":{"start":{"line":244,"column":13},"end":{"line":244,"column":41}},"type":"cond-expr","locations":[{"start":{"line":244,"column":36},"end":{"line":244,"column":37}},{"start":{"line":244,"column":40},"end":{"line":244,"column":41}}]},"22":{"loc":{"start":{"line":272,"column":4},"end":{"line":274,"column":5}},"type":"if","locations":[{"start":{"line":272,"column":4},"end":{"line":274,"column":5}}]},"23":{"loc":{"start":{"line":272,"column":8},"end":{"line":272,"column":60}},"type":"binary-expr","locations":[{"start":{"line":272,"column":8},"end":{"line":272,"column":35}},{"start":{"line":272,"column":39},"end":{"line":272,"column":60}}]},"24":{"loc":{"start":{"line":298,"column":4},"end":{"line":305,"column":5}},"type":"if","locations":[{"start":{"line":298,"column":4},"end":{"line":305,"column":5}}]},"25":{"loc":{"start":{"line":322,"column":11},"end":{"line":322,"column":78}},"type":"cond-expr","locations":[{"start":{"line":322,"column":37},"end":{"line":322,"column":71}},{"start":{"line":322,"column":74},"end":{"line":322,"column":78}}]},"26":{"loc":{"start":{"line":333,"column":4},"end":{"line":335,"column":5}},"type":"if","locations":[{"start":{"line":333,"column":4},"end":{"line":335,"column":5}}]},"27":{"loc":{"start":{"line":347,"column":4},"end":{"line":349,"column":5}},"type":"if","locations":[{"start":{"line":347,"column":4},"end":{"line":349,"column":5}}]},"28":{"loc":{"start":{"line":375,"column":4},"end":{"line":376,"column":null}},"type":"if","locations":[{"start":{"line":375,"column":4},"end":{"line":376,"column":null}}]},"29":{"loc":{"start":{"line":378,"column":21},"end":{"line":378,"column":55}},"type":"binary-expr","locations":[{"start":{"line":378,"column":21},"end":{"line":378,"column":49}},{"start":{"line":378,"column":53},"end":{"line":378,"column":55}}]},"30":{"loc":{"start":{"line":389,"column":6},"end":{"line":403,"column":7}},"type":"if","locations":[{"start":{"line":389,"column":6},"end":{"line":403,"column":7}},{"start":{"line":394,"column":13},"end":{"line":403,"column":7}}]},"31":{"loc":{"start":{"line":390,"column":8},"end":{"line":392,"column":9}},"type":"if","locations":[{"start":{"line":390,"column":8},"end":{"line":392,"column":9}}]},"32":{"loc":{"start":{"line":394,"column":13},"end":{"line":403,"column":7}},"type":"if","locations":[{"start":{"line":394,"column":13},"end":{"line":403,"column":7}},{"start":{"line":397,"column":13},"end":{"line":403,"column":7}}]},"33":{"loc":{"start":{"line":394,"column":17},"end":{"line":394,"column":71}},"type":"binary-expr","locations":[{"start":{"line":394,"column":17},"end":{"line":394,"column":31}},{"start":{"line":394,"column":35},"end":{"line":394,"column":71}}]},"34":{"loc":{"start":{"line":399,"column":8},"end":{"line":402,"column":9}},"type":"if","locations":[{"start":{"line":399,"column":8},"end":{"line":402,"column":9}}]},"35":{"loc":{"start":{"line":406,"column":4},"end":{"line":408,"column":5}},"type":"if","locations":[{"start":{"line":406,"column":4},"end":{"line":408,"column":5}}]},"36":{"loc":{"start":{"line":423,"column":30},"end":{"line":423,"column":55}},"type":"binary-expr","locations":[{"start":{"line":423,"column":30},"end":{"line":423,"column":50}},{"start":{"line":423,"column":54},"end":{"line":423,"column":55}}]},"37":{"loc":{"start":{"line":449,"column":4},"end":{"line":451,"column":5}},"type":"if","locations":[{"start":{"line":449,"column":4},"end":{"line":451,"column":5}}]},"38":{"loc":{"start":{"line":464,"column":4},"end":{"line":464,"column":31}},"type":"default-arg","locations":[{"start":{"line":464,"column":27},"end":{"line":464,"column":31}}]},"39":{"loc":{"start":{"line":470,"column":4},"end":{"line":472,"column":5}},"type":"if","locations":[{"start":{"line":470,"column":4},"end":{"line":472,"column":5}}]},"40":{"loc":{"start":{"line":471,"column":13},"end":{"line":471,"column":38}},"type":"binary-expr","locations":[{"start":{"line":471,"column":13},"end":{"line":471,"column":33}},{"start":{"line":471,"column":37},"end":{"line":471,"column":38}}]},"41":{"loc":{"start":{"line":490,"column":4},"end":{"line":492,"column":5}},"type":"if","locations":[{"start":{"line":490,"column":4},"end":{"line":492,"column":5}}]},"42":{"loc":{"start":{"line":508,"column":4},"end":{"line":510,"column":5}},"type":"if","locations":[{"start":{"line":508,"column":4},"end":{"line":510,"column":5}}]},"43":{"loc":{"start":{"line":514,"column":6},"end":{"line":515,"column":43}},"type":"binary-expr","locations":[{"start":{"line":514,"column":6},"end":{"line":515,"column":20}},{"start":{"line":515,"column":24},"end":{"line":515,"column":43}}]},"44":{"loc":{"start":{"line":514,"column":6},"end":{"line":515,"column":20}},"type":"cond-expr","locations":[{"start":{"line":514,"column":78},"end":{"line":514,"column":null}},{"start":{"line":514,"column":78},"end":{"line":515,"column":20}}]},"45":{"loc":{"start":{"line":514,"column":6},"end":{"line":514,"column":null}},"type":"binary-expr","locations":[{"start":{"line":514,"column":6},"end":{"line":514,"column":null}},{"start":{"line":514,"column":78},"end":{"line":514,"column":null}}]}},"s":{"0":31,"1":31,"2":31,"3":21,"4":10,"5":24,"6":0,"7":24,"8":24,"9":0,"10":7,"11":0,"12":7,"13":21,"14":21,"15":45,"16":45,"17":45,"18":0,"19":21,"20":24,"21":24,"22":24,"23":0,"24":0,"25":0,"26":0,"27":31,"28":31,"29":31,"30":322,"31":322,"32":322,"33":322,"34":322,"35":676,"36":422,"37":422,"38":422,"39":422,"40":254,"41":322,"42":31,"43":33,"44":33,"45":33,"46":337,"47":337,"48":337,"49":33,"50":337,"51":325,"52":12,"53":12,"54":12,"55":0,"56":746,"57":1,"58":0,"59":17,"60":17,"61":0,"62":17,"63":25,"64":34,"65":0,"66":0,"67":0,"68":0,"69":0,"70":0,"71":673,"72":17,"73":0,"74":17,"75":17,"76":17,"77":17,"78":215,"79":724,"80":215,"81":25,"82":0,"83":25,"84":190,"85":0,"86":190,"87":22,"88":22,"89":17,"90":3,"91":17,"92":1,"93":1,"94":5,"95":5,"96":1,"97":8,"98":0,"99":0,"100":0,"101":0,"102":0,"103":0,"104":0,"105":0,"106":0,"107":1,"108":1,"109":5,"110":1,"111":0,"112":1,"113":2,"114":2,"115":2,"116":2,"117":0,"118":2,"119":4,"120":2,"121":2},"f":{"0":31,"1":24,"2":7,"3":21,"4":45,"5":24,"6":31,"7":322,"8":33,"9":337,"10":746,"11":1,"12":17,"13":25,"14":34,"15":0,"16":0,"17":673,"18":17,"19":724,"20":1,"21":5,"22":8,"23":0,"24":0,"25":0,"26":1,"27":5,"28":2,"29":2,"30":4},"b":{"0":[0],"1":[10],"2":[24,7],"3":[21,10],"4":[0],"5":[0],"6":[0],"7":[7,7],"8":[45,0],"9":[0,0],"10":[322,31],"11":[31,291],"12":[322,322],"13":[422,254],"14":[422,37],"15":[37,385],"16":[422,422],"17":[325,12],"18":[325,12],"19":[12],"20":[12,12],"21":[10,2],"22":[0],"23":[1,1],"24":[0],"25":[34,0],"26":[0],"27":[0],"28":[0],"29":[17,0],"30":[25,190],"31":[0],"32":[0,190],"33":[190,22],"34":[22],"35":[3],"36":[5,3],"37":[0],"38":[0],"39":[0],"40":[0,0],"41":[0],"42":[0],"43":[2,0],"44":[0,2],"45":[2,2]}}
,"/home/mattias/lnu/courses/1dv610_mjukvarukvalitet/assignments/labs/mddoc-toolkit/lib/NpmReadmeProcessor.ts": {"path":"/home/mattias/lnu/courses/1dv610_mjukvarukvalitet/assignments/labs/mddoc-toolkit/lib/NpmReadmeProcessor.ts","statementMap":{"0":{"start":{"line":8,"column":32},"end":{"line":8,"column":75}},"1":{"start":{"line":41,"column":6},"end":{"line":42,"column":74}},"2":{"start":{"line":45,"column":33},"end":{"line":47,"column":57}},"3":{"start":{"line":49,"column":4},"end":{"line":49,"column":null}},"4":{"start":{"line":58,"column":4},"end":{"line":61,"column":null}},"5":{"start":{"line":68,"column":4},"end":{"line":71,"column":null}},"6":{"start":{"line":78,"column":4},"end":{"line":81,"column":null}}},"fnMap":{"0":{"name":"(anonymous_0)","decl":{"start":{"line":34,"column":2},"end":{"line":34,"column":null}},"loc":{"start":{"line":37,"column":61},"end":{"line":50,"column":3}}},"1":{"name":"(anonymous_1)","decl":{"start":{"line":57,"column":2},"end":{"line":57,"column":13}},"loc":{"start":{"line":57,"column":21},"end":{"line":62,"column":3}}},"2":{"name":"(anonymous_2)","decl":{"start":{"line":67,"column":2},"end":{"line":67,"column":13}},"loc":{"start":{"line":67,"column":30},"end":{"line":72,"column":3}}},"3":{"name":"(anonymous_3)","decl":{"start":{"line":77,"column":2},"end":{"line":77,"column":13}},"loc":{"start":{"line":77,"column":27},"end":{"line":82,"column":3}}}},"branchMap":{"0":{"loc":{"start":{"line":36,"column":4},"end":{"line":36,"column":30}},"type":"default-arg","locations":[{"start":{"line":36,"column":26},"end":{"line":36,"column":30}}]},"1":{"loc":{"start":{"line":37,"column":4},"end":{"line":37,"column":61}},"type":"default-arg","locations":[{"start":{"line":37,"column":36},"end":{"line":37,"column":61}}]},"2":{"loc":{"start":{"line":41,"column":6},"end":{"line":42,"column":74}},"type":"binary-expr","locations":[{"start":{"line":41,"column":6},"end":{"line":41,"column":38}},{"start":{"line":42,"column":6},"end":{"line":42,"column":74}}]},"3":{"loc":{"start":{"line":45,"column":33},"end":{"line":47,"column":57}},"type":"cond-expr","locations":[{"start":{"line":46,"column":8},"end":{"line":46,"column":27}},{"start":{"line":47,"column":8},"end":{"line":47,"column":57}}]}},"s":{"0":1,"1":3,"2":3,"3":3,"4":1,"5":1,"6":1},"f":{"0":3,"1":1,"2":1,"3":1},"b":{"0":[0],"1":[3],"2":[3,3],"3":[0,3]}}
,"/home/mattias/lnu/courses/1dv610_mjukvarukvalitet/assignments/labs/mddoc-toolkit/lib/RepoReadmeProcessor.ts": {"path":"/home/mattias/lnu/courses/1dv610_mjukvarukvalitet/assignments/labs/mddoc-toolkit/lib/RepoReadmeProcessor.ts","statementMap":{"0":{"start":{"line":9,"column":32},"end":{"line":9,"column":76}},"1":{"start":{"line":42,"column":6},"end":{"line":43,"column":74}},"2":{"start":{"line":46,"column":33},"end":{"line":48,"column":57}},"3":{"start":{"line":50,"column":4},"end":{"line":50,"column":null}},"4":{"start":{"line":59,"column":4},"end":{"line":62,"column":null}},"5":{"start":{"line":69,"column":4},"end":{"line":69,"column":null}},"6":{"start":{"line":76,"column":4},"end":{"line":76,"column":null}},"7":{"start":{"line":83,"column":4},"end":{"line":86,"column":null}},"8":{"start":{"line":93,"column":4},"end":{"line":96,"column":null}},"9":{"start":{"line":103,"column":4},"end":{"line":106,"column":null}},"10":{"start":{"line":113,"column":4},"end":{"line":116,"column":null}},"11":{"start":{"line":126,"column":25},"end":{"line":126,"column":51}},"12":{"start":{"line":128,"column":4},"end":{"line":130,"column":5}},"13":{"start":{"line":129,"column":6},"end":{"line":129,"column":null}},"14":{"start":{"line":132,"column":4},"end":{"line":136,"column":null}}},"fnMap":{"0":{"name":"(anonymous_0)","decl":{"start":{"line":35,"column":2},"end":{"line":35,"column":null}},"loc":{"start":{"line":38,"column":61},"end":{"line":51,"column":3}}},"1":{"name":"(anonymous_1)","decl":{"start":{"line":58,"column":2},"end":{"line":58,"column":13}},"loc":{"start":{"line":58,"column":37},"end":{"line":63,"column":3}}},"2":{"name":"(anonymous_2)","decl":{"start":{"line":68,"column":2},"end":{"line":68,"column":13}},"loc":{"start":{"line":68,"column":26},"end":{"line":70,"column":3}}},"3":{"name":"(anonymous_3)","decl":{"start":{"line":75,"column":2},"end":{"line":75,"column":13}},"loc":{"start":{"line":75,"column":16},"end":{"line":77,"column":3}}},"4":{"name":"(anonymous_4)","decl":{"start":{"line":82,"column":2},"end":{"line":82,"column":13}},"loc":{"start":{"line":82,"column":26},"end":{"line":87,"column":3}}},"5":{"name":"(anonymous_5)","decl":{"start":{"line":92,"column":2},"end":{"line":92,"column":13}},"loc":{"start":{"line":92,"column":25},"end":{"line":97,"column":3}}},"6":{"name":"(anonymous_6)","decl":{"start":{"line":102,"column":2},"end":{"line":102,"column":13}},"loc":{"start":{"line":102,"column":35},"end":{"line":107,"column":3}}},"7":{"name":"(anonymous_7)","decl":{"start":{"line":112,"column":2},"end":{"line":112,"column":13}},"loc":{"start":{"line":112,"column":24},"end":{"line":117,"column":3}}},"8":{"name":"(anonymous_8)","decl":{"start":{"line":125,"column":2},"end":{"line":125,"column":13}},"loc":{"start":{"line":125,"column":32},"end":{"line":137,"column":3}}}},"branchMap":{"0":{"loc":{"start":{"line":37,"column":4},"end":{"line":37,"column":30}},"type":"default-arg","locations":[{"start":{"line":37,"column":26},"end":{"line":37,"column":30}}]},"1":{"loc":{"start":{"line":38,"column":4},"end":{"line":38,"column":61}},"type":"default-arg","locations":[{"start":{"line":38,"column":36},"end":{"line":38,"column":61}}]},"2":{"loc":{"start":{"line":42,"column":6},"end":{"line":43,"column":74}},"type":"binary-expr","locations":[{"start":{"line":42,"column":6},"end":{"line":42,"column":38}},{"start":{"line":43,"column":6},"end":{"line":43,"column":74}}]},"3":{"loc":{"start":{"line":46,"column":33},"end":{"line":48,"column":57}},"type":"cond-expr","locations":[{"start":{"line":47,"column":8},"end":{"line":47,"column":27}},{"start":{"line":48,"column":8},"end":{"line":48,"column":57}}]},"4":{"loc":{"start":{"line":128,"column":4},"end":{"line":130,"column":5}},"type":"if","locations":[{"start":{"line":128,"column":4},"end":{"line":130,"column":5}}]}},"s":{"0":2,"1":11,"2":11,"3":11,"4":1,"5":1,"6":1,"7":1,"8":1,"9":1,"10":1,"11":1,"12":1,"13":0,"14":1},"f":{"0":11,"1":1,"2":1,"3":1,"4":1,"5":1,"6":1,"7":1,"8":1},"b":{"0":[0],"1":[8],"2":[11,8],"3":[0,11],"4":[0]}}
}
