{"/home/mattias/lnu/courses/1dv610_mjukvarukvalitet/assignments/labs/mddoc-toolkit/lib/ChangelogProcessor.ts": {"path":"/home/mattias/lnu/courses/1dv610_mjukvarukvalitet/assignments/labs/mddoc-toolkit/lib/ChangelogProcessor.ts","statementMap":{"0":{"start":{"line":11,"column":32},"end":{"line":11,"column":74}},"1":{"start":{"line":42,"column":6},"end":{"line":43,"column":74}},"2":{"start":{"line":46,"column":33},"end":{"line":48,"column":57}},"3":{"start":{"line":50,"column":4},"end":{"line":50,"column":null}},"4":{"start":{"line":57,"column":4},"end":{"line":60,"column":null}},"5":{"start":{"line":67,"column":4},"end":{"line":67,"column":null}},"6":{"start":{"line":74,"column":4},"end":{"line":74,"column":null}},"7":{"start":{"line":81,"column":4},"end":{"line":84,"column":null}},"8":{"start":{"line":91,"column":4},"end":{"line":91,"column":null}},"9":{"start":{"line":98,"column":4},"end":{"line":98,"column":null}},"10":{"start":{"line":105,"column":4},"end":{"line":105,"column":null}},"11":{"start":{"line":128,"column":21},"end":{"line":128,"column":34}},"12":{"start":{"line":129,"column":31},"end":{"line":129,"column":33}},"13":{"start":{"line":132,"column":4},"end":{"line":134,"column":5}},"14":{"start":{"line":133,"column":7},"end":{"line":133,"column":null}},"15":{"start":{"line":136,"column":20},"end":{"line":136,"column":25}},"16":{"start":{"line":138,"column":4},"end":{"line":150,"column":5}},"17":{"start":{"line":139,"column":6},"end":{"line":141,"column":7}},"18":{"start":{"line":140,"column":8},"end":{"line":140,"column":25}},"19":{"start":{"line":143,"column":6},"end":{"line":145,"column":7}},"20":{"start":{"line":144,"column":8},"end":{"line":144,"column":null}},"21":{"start":{"line":147,"column":6},"end":{"line":149,"column":7}},"22":{"start":{"line":148,"column":8},"end":{"line":148,"column":13}},"23":{"start":{"line":152,"column":4},"end":{"line":156,"column":5}},"24":{"start":{"line":153,"column":6},"end":{"line":155,"column":null}},"25":{"start":{"line":158,"column":4},"end":{"line":158,"column":null}}},"fnMap":{"0":{"name":"(anonymous_0)","decl":{"start":{"line":35,"column":2},"end":{"line":35,"column":null}},"loc":{"start":{"line":38,"column":61},"end":{"line":51,"column":3}}},"1":{"name":"(anonymous_1)","decl":{"start":{"line":56,"column":2},"end":{"line":56,"column":13}},"loc":{"start":{"line":56,"column":30},"end":{"line":61,"column":3}}},"2":{"name":"(anonymous_2)","decl":{"start":{"line":66,"column":2},"end":{"line":66,"column":13}},"loc":{"start":{"line":66,"column":26},"end":{"line":68,"column":3}}},"3":{"name":"(anonymous_3)","decl":{"start":{"line":73,"column":2},"end":{"line":73,"column":13}},"loc":{"start":{"line":73,"column":28},"end":{"line":75,"column":3}}},"4":{"name":"(anonymous_4)","decl":{"start":{"line":80,"column":2},"end":{"line":80,"column":13}},"loc":{"start":{"line":80,"column":31},"end":{"line":85,"column":3}}},"5":{"name":"(anonymous_5)","decl":{"start":{"line":90,"column":2},"end":{"line":90,"column":13}},"loc":{"start":{"line":90,"column":28},"end":{"line":92,"column":3}}},"6":{"name":"(anonymous_6)","decl":{"start":{"line":97,"column":2},"end":{"line":97,"column":13}},"loc":{"start":{"line":97,"column":21},"end":{"line":99,"column":3}}},"7":{"name":"(anonymous_7)","decl":{"start":{"line":104,"column":2},"end":{"line":104,"column":13}},"loc":{"start":{"line":104,"column":28},"end":{"line":106,"column":3}}},"8":{"name":"(anonymous_8)","decl":{"start":{"line":124,"column":9},"end":{"line":124,"column":34}},"loc":{"start":{"line":126,"column":22},"end":{"line":159,"column":3}}}},"branchMap":{"0":{"loc":{"start":{"line":37,"column":4},"end":{"line":37,"column":30}},"type":"default-arg","locations":[{"start":{"line":37,"column":26},"end":{"line":37,"column":30}}]},"1":{"loc":{"start":{"line":38,"column":4},"end":{"line":38,"column":61}},"type":"default-arg","locations":[{"start":{"line":38,"column":36},"end":{"line":38,"column":61}}]},"2":{"loc":{"start":{"line":42,"column":6},"end":{"line":43,"column":74}},"type":"binary-expr","locations":[{"start":{"line":42,"column":6},"end":{"line":42,"column":38}},{"start":{"line":43,"column":6},"end":{"line":43,"column":74}}]},"3":{"loc":{"start":{"line":46,"column":33},"end":{"line":48,"column":57}},"type":"cond-expr","locations":[{"start":{"line":47,"column":8},"end":{"line":47,"column":27}},{"start":{"line":48,"column":8},"end":{"line":48,"column":57}}]},"4":{"loc":{"start":{"line":132,"column":4},"end":{"line":134,"column":5}},"type":"if","locations":[{"start":{"line":132,"column":4},"end":{"line":134,"column":5}}]},"5":{"loc":{"start":{"line":139,"column":6},"end":{"line":141,"column":7}},"type":"if","locations":[{"start":{"line":139,"column":6},"end":{"line":141,"column":7}}]},"6":{"loc":{"start":{"line":143,"column":6},"end":{"line":145,"column":7}},"type":"if","locations":[{"start":{"line":143,"column":6},"end":{"line":145,"column":7}}]},"7":{"loc":{"start":{"line":147,"column":6},"end":{"line":149,"column":7}},"type":"if","locations":[{"start":{"line":147,"column":6},"end":{"line":149,"column":7}}]},"8":{"loc":{"start":{"line":152,"column":4},"end":{"line":156,"column":5}},"type":"if","locations":[{"start":{"line":152,"column":4},"end":{"line":156,"column":5}}]}},"s":{"0":1,"1":10,"2":10,"3":10,"4":1,"5":1,"6":1,"7":1,"8":1,"9":1,"10":1,"11":2,"12":2,"13":2,"14":0,"15":2,"16":2,"17":17,"18":1,"19":17,"20":3,"21":17,"22":2,"23":2,"24":1,"25":1},"f":{"0":10,"1":1,"2":1,"3":1,"4":1,"5":1,"6":1,"7":1,"8":2},"b":{"0":[0],"1":[10],"2":[10,10],"3":[0,10],"4":[0],"5":[1],"6":[3],"7":[2],"8":[1]}}
,"/home/mattias/lnu/courses/1dv610_mjukvarukvalitet/assignments/labs/mddoc-toolkit/lib/HeadingDictionary.ts": {"path":"/home/mattias/lnu/courses/1dv610_mjukvarukvalitet/assignments/labs/mddoc-toolkit/lib/HeadingDictionary.ts","statementMap":{"0":{"start":{"line":39,"column":4},"end":{"line":44,"column":5}},"1":{"start":{"line":40,"column":6},"end":{"line":40,"column":null}},"2":{"start":{"line":43,"column":6},"end":{"line":43,"column":null}},"3":{"start":{"line":57,"column":4},"end":{"line":66,"column":5}},"4":{"start":{"line":58,"column":26},"end":{"line":58,"column":57}},"5":{"start":{"line":59,"column":6},"end":{"line":59,"column":null}},"6":{"start":{"line":61,"column":6},"end":{"line":65,"column":7}},"7":{"start":{"line":62,"column":8},"end":{"line":62,"column":null}},"8":{"start":{"line":64,"column":8},"end":{"line":64,"column":null}},"9":{"start":{"line":75,"column":4},"end":{"line":75,"column":null}},"10":{"start":{"line":85,"column":4},"end":{"line":85,"column":null}},"11":{"start":{"line":97,"column":4},"end":{"line":99,"column":5}},"12":{"start":{"line":98,"column":6},"end":{"line":98,"column":null}},"13":{"start":{"line":100,"column":4},"end":{"line":100,"column":null}}},"fnMap":{"0":{"name":"(anonymous_0)","decl":{"start":{"line":37,"column":2},"end":{"line":37,"column":21}},"loc":{"start":{"line":37,"column":46},"end":{"line":45,"column":3}}},"1":{"name":"(anonymous_1)","decl":{"start":{"line":56,"column":10},"end":{"line":56,"column":32}},"loc":{"start":{"line":56,"column":49},"end":{"line":67,"column":3}}},"2":{"name":"(anonymous_2)","decl":{"start":{"line":74,"column":2},"end":{"line":74,"column":6}},"loc":{"start":{"line":74,"column":16},"end":{"line":76,"column":3}}},"3":{"name":"(anonymous_3)","decl":{"start":{"line":84,"column":9},"end":{"line":84,"column":30}},"loc":{"start":{"line":84,"column":46},"end":{"line":86,"column":3}}},"4":{"name":"(anonymous_4)","decl":{"start":{"line":96,"column":9},"end":{"line":96,"column":29}},"loc":{"start":{"line":96,"column":62},"end":{"line":101,"column":3}}}},"branchMap":{"0":{"loc":{"start":{"line":39,"column":4},"end":{"line":44,"column":5}},"type":"if","locations":[{"start":{"line":39,"column":4},"end":{"line":44,"column":5}},{"start":{"line":41,"column":11},"end":{"line":44,"column":5}}]},"1":{"loc":{"start":{"line":61,"column":6},"end":{"line":65,"column":7}},"type":"if","locations":[{"start":{"line":61,"column":6},"end":{"line":65,"column":7}},{"start":{"line":63,"column":13},"end":{"line":65,"column":7}}]},"2":{"loc":{"start":{"line":85,"column":11},"end":{"line":85,"column":48}},"type":"binary-expr","locations":[{"start":{"line":85,"column":11},"end":{"line":85,"column":42}},{"start":{"line":85,"column":46},"end":{"line":85,"column":48}}]},"3":{"loc":{"start":{"line":97,"column":4},"end":{"line":99,"column":5}},"type":"if","locations":[{"start":{"line":97,"column":4},"end":{"line":99,"column":5}}]}},"s":{"0":85,"1":48,"2":37,"3":48,"4":48,"5":48,"6":0,"7":0,"8":0,"9":83,"10":2,"11":1,"12":0,"13":1},"f":{"0":85,"1":48,"2":83,"3":2,"4":1},"b":{"0":[48,37],"1":[0,0],"2":[2,0],"3":[0]}}
,"/home/mattias/lnu/courses/1dv610_mjukvarukvalitet/assignments/labs/mddoc-toolkit/lib/MarkdownParser.ts": {"path":"/home/mattias/lnu/courses/1dv610_mjukvarukvalitet/assignments/labs/mddoc-toolkit/lib/MarkdownParser.ts","statementMap":{"0":{"start":{"line":54,"column":4},"end":{"line":56,"column":null}},"1":{"start":{"line":58,"column":4},"end":{"line":58,"column":null}},"2":{"start":{"line":60,"column":4},"end":{"line":66,"column":5}},"3":{"start":{"line":61,"column":6},"end":{"line":63,"column":null}},"4":{"start":{"line":65,"column":6},"end":{"line":65,"column":null}},"5":{"start":{"line":76,"column":4},"end":{"line":78,"column":5}},"6":{"start":{"line":77,"column":6},"end":{"line":77,"column":null}},"7":{"start":{"line":80,"column":26},"end":{"line":80,"column":29}},"8":{"start":{"line":81,"column":4},"end":{"line":85,"column":5}},"9":{"start":{"line":82,"column":6},"end":{"line":84,"column":null}},"10":{"start":{"line":97,"column":4},"end":{"line":101,"column":5}},"11":{"start":{"line":98,"column":6},"end":{"line":100,"column":null}},"12":{"start":{"line":102,"column":4},"end":{"line":102,"column":null}},"13":{"start":{"line":117,"column":39},"end":{"line":117,"column":41}},"14":{"start":{"line":119,"column":4},"end":{"line":128,"column":null}},"15":{"start":{"line":120,"column":6},"end":{"line":127,"column":7}},"16":{"start":{"line":122,"column":27},"end":{"line":122,"column":71}},"17":{"start":{"line":123,"column":8},"end":{"line":123,"column":null}},"18":{"start":{"line":126,"column":8},"end":{"line":126,"column":null}},"19":{"start":{"line":130,"column":4},"end":{"line":130,"column":null}},"20":{"start":{"line":143,"column":4},"end":{"line":143,"column":null}},"21":{"start":{"line":145,"column":4},"end":{"line":154,"column":5}},"22":{"start":{"line":146,"column":6},"end":{"line":146,"column":null}},"23":{"start":{"line":148,"column":6},"end":{"line":152,"column":7}},"24":{"start":{"line":149,"column":8},"end":{"line":149,"column":null}},"25":{"start":{"line":151,"column":8},"end":{"line":151,"column":null}},"26":{"start":{"line":153,"column":6},"end":{"line":153,"column":null}},"27":{"start":{"line":164,"column":21},"end":{"line":164,"column":50}},"28":{"start":{"line":165,"column":32},"end":{"line":165,"column":34}},"29":{"start":{"line":167,"column":4},"end":{"line":183,"column":null}},"30":{"start":{"line":169,"column":31},"end":{"line":169,"column":80}},"31":{"start":{"line":172,"column":23},"end":{"line":175,"column":null}},"32":{"start":{"line":178,"column":6},"end":{"line":182,"column":null}},"33":{"start":{"line":185,"column":4},"end":{"line":185,"column":null}},"34":{"start":{"line":198,"column":25},"end":{"line":198,"column":60}},"35":{"start":{"line":204,"column":10},"end":{"line":204,"column":12}},"36":{"start":{"line":207,"column":4},"end":{"line":218,"column":5}},"37":{"start":{"line":208,"column":20},"end":{"line":208,"column":62}},"38":{"start":{"line":209,"column":19},"end":{"line":209,"column":63}},"39":{"start":{"line":212,"column":6},"end":{"line":217,"column":null}},"40":{"start":{"line":220,"column":4},"end":{"line":220,"column":null}},"41":{"start":{"line":230,"column":4},"end":{"line":235,"column":5}},"42":{"start":{"line":231,"column":6},"end":{"line":231,"column":29}},"43":{"start":{"line":232,"column":11},"end":{"line":235,"column":5}},"44":{"start":{"line":233,"column":24},"end":{"line":233,"column":39}},"45":{"start":{"line":234,"column":6},"end":{"line":234,"column":42}},"46":{"start":{"line":236,"column":4},"end":{"line":236,"column":null}},"47":{"start":{"line":248,"column":4},"end":{"line":248,"column":null}},"48":{"start":{"line":258,"column":4},"end":{"line":260,"column":5}},"49":{"start":{"line":259,"column":6},"end":{"line":259,"column":null}},"50":{"start":{"line":281,"column":20},"end":{"line":281,"column":70}},"51":{"start":{"line":282,"column":4},"end":{"line":282,"column":null}},"52":{"start":{"line":282,"column":18},"end":{"line":282,"column":null}},"53":{"start":{"line":284,"column":4},"end":{"line":287,"column":null}},"54":{"start":{"line":298,"column":4},"end":{"line":298,"column":null}},"55":{"start":{"line":309,"column":4},"end":{"line":311,"column":5}},"56":{"start":{"line":310,"column":6},"end":{"line":310,"column":null}},"57":{"start":{"line":312,"column":4},"end":{"line":312,"column":null}},"58":{"start":{"line":323,"column":4},"end":{"line":325,"column":5}},"59":{"start":{"line":324,"column":6},"end":{"line":324,"column":null}},"60":{"start":{"line":326,"column":4},"end":{"line":326,"column":null}},"61":{"start":{"line":338,"column":4},"end":{"line":340,"column":14}},"62":{"start":{"line":354,"column":4},"end":{"line":355,"column":null}},"63":{"start":{"line":355,"column":6},"end":{"line":355,"column":null}},"64":{"start":{"line":357,"column":21},"end":{"line":357,"column":55}},"65":{"start":{"line":358,"column":4},"end":{"line":362,"column":null}},"66":{"start":{"line":359,"column":6},"end":{"line":360,"column":null}},"67":{"start":{"line":360,"column":8},"end":{"line":360,"column":55}},"68":{"start":{"line":371,"column":50},"end":{"line":371,"column":52}},"69":{"start":{"line":373,"column":4},"end":{"line":376,"column":null}},"70":{"start":{"line":374,"column":20},"end":{"line":374,"column":33}},"71":{"start":{"line":375,"column":6},"end":{"line":375,"column":null}},"72":{"start":{"line":378,"column":4},"end":{"line":378,"column":null}},"73":{"start":{"line":387,"column":4},"end":{"line":387,"column":null}},"74":{"start":{"line":397,"column":25},"end":{"line":397,"column":83}},"75":{"start":{"line":397,"column":63},"end":{"line":397,"column":82}},"76":{"start":{"line":399,"column":4},"end":{"line":401,"column":5}},"77":{"start":{"line":400,"column":6},"end":{"line":400,"column":null}},"78":{"start":{"line":403,"column":4},"end":{"line":403,"column":null}},"79":{"start":{"line":417,"column":26},"end":{"line":417,"column":53}},"80":{"start":{"line":420,"column":4},"end":{"line":422,"column":5}},"81":{"start":{"line":421,"column":6},"end":{"line":421,"column":39}},"82":{"start":{"line":424,"column":4},"end":{"line":424,"column":null}},"83":{"start":{"line":438,"column":4},"end":{"line":438,"column":null}},"84":{"start":{"line":439,"column":29},"end":{"line":440,"column":null}},"85":{"start":{"line":440,"column":6},"end":{"line":440,"column":67}},"86":{"start":{"line":443,"column":4},"end":{"line":445,"column":5}},"87":{"start":{"line":444,"column":6},"end":{"line":444,"column":null}},"88":{"start":{"line":446,"column":4},"end":{"line":446,"column":null}}},"fnMap":{"0":{"name":"(anonymous_0)","decl":{"start":{"line":49,"column":2},"end":{"line":49,"column":null}},"loc":{"start":{"line":52,"column":38},"end":{"line":67,"column":3}}},"1":{"name":"(anonymous_1)","decl":{"start":{"line":75,"column":10},"end":{"line":75,"column":26}},"loc":{"start":{"line":75,"column":43},"end":{"line":86,"column":3}}},"2":{"name":"(anonymous_2)","decl":{"start":{"line":96,"column":10},"end":{"line":96,"column":33}},"loc":{"start":{"line":96,"column":49},"end":{"line":103,"column":3}}},"3":{"name":"(anonymous_3)","decl":{"start":{"line":116,"column":10},"end":{"line":116,"column":27}},"loc":{"start":{"line":116,"column":72},"end":{"line":131,"column":3}}},"4":{"name":"(anonymous_4)","decl":{"start":{"line":119,"column":32},"end":{"line":119,"column":33}},"loc":{"start":{"line":119,"column":47},"end":{"line":128,"column":5}}},"5":{"name":"(anonymous_5)","decl":{"start":{"line":142,"column":10},"end":{"line":142,"column":26}},"loc":{"start":{"line":142,"column":43},"end":{"line":155,"column":3}}},"6":{"name":"(anonymous_6)","decl":{"start":{"line":163,"column":10},"end":{"line":163,"column":25}},"loc":{"start":{"line":163,"column":41},"end":{"line":186,"column":3}}},"7":{"name":"(anonymous_7)","decl":{"start":{"line":167,"column":21},"end":{"line":167,"column":22}},"loc":{"start":{"line":167,"column":40},"end":{"line":183,"column":5}}},"8":{"name":"(anonymous_8)","decl":{"start":{"line":194,"column":10},"end":{"line":194,"column":25}},"loc":{"start":{"line":195,"column":19},"end":{"line":221,"column":3}}},"9":{"name":"(anonymous_9)","decl":{"start":{"line":229,"column":10},"end":{"line":229,"column":40}},"loc":{"start":{"line":229,"column":63},"end":{"line":237,"column":3}}},"10":{"name":"(anonymous_10)","decl":{"start":{"line":247,"column":10},"end":{"line":247,"column":21}},"loc":{"start":{"line":247,"column":75},"end":{"line":249,"column":3}}},"11":{"name":"(anonymous_11)","decl":{"start":{"line":257,"column":10},"end":{"line":257,"column":30}},"loc":{"start":{"line":257,"column":46},"end":{"line":261,"column":3}}},"12":{"name":"(anonymous_12)","decl":{"start":{"line":277,"column":12},"end":{"line":277,"column":34}},"loc":{"start":{"line":279,"column":24},"end":{"line":288,"column":3}}},"13":{"name":"(anonymous_13)","decl":{"start":{"line":297,"column":2},"end":{"line":297,"column":13}},"loc":{"start":{"line":297,"column":23},"end":{"line":299,"column":3}}},"14":{"name":"(anonymous_14)","decl":{"start":{"line":308,"column":9},"end":{"line":308,"column":30}},"loc":{"start":{"line":308,"column":46},"end":{"line":313,"column":3}}},"15":{"name":"(anonymous_15)","decl":{"start":{"line":322,"column":9},"end":{"line":322,"column":29}},"loc":{"start":{"line":322,"column":62},"end":{"line":327,"column":3}}},"16":{"name":"(anonymous_16)","decl":{"start":{"line":337,"column":12},"end":{"line":337,"column":22}},"loc":{"start":{"line":337,"column":35},"end":{"line":341,"column":3}}},"17":{"name":"(anonymous_17)","decl":{"start":{"line":353,"column":9},"end":{"line":353,"column":41}},"loc":{"start":{"line":353,"column":61},"end":{"line":363,"column":3}}},"18":{"name":"(anonymous_18)","decl":{"start":{"line":358,"column":36},"end":{"line":358,"column":37}},"loc":{"start":{"line":359,"column":6},"end":{"line":360,"column":null}}},"19":{"name":"(anonymous_19)","decl":{"start":{"line":359,"column":20},"end":{"line":359,"column":21}},"loc":{"start":{"line":360,"column":8},"end":{"line":360,"column":55}}},"20":{"name":"(anonymous_20)","decl":{"start":{"line":370,"column":9},"end":{"line":370,"column":29}},"loc":{"start":{"line":370,"column":29},"end":{"line":379,"column":3}}},"21":{"name":"(anonymous_21)","decl":{"start":{"line":373,"column":32},"end":{"line":373,"column":33}},"loc":{"start":{"line":373,"column":44},"end":{"line":376,"column":5}}},"22":{"name":"(anonymous_22)","decl":{"start":{"line":386,"column":2},"end":{"line":386,"column":13}},"loc":{"start":{"line":386,"column":21},"end":{"line":388,"column":3}}},"23":{"name":"(anonymous_23)","decl":{"start":{"line":396,"column":2},"end":{"line":396,"column":13}},"loc":{"start":{"line":396,"column":18},"end":{"line":404,"column":3}}},"24":{"name":"(anonymous_24)","decl":{"start":{"line":397,"column":50},"end":{"line":397,"column":51}},"loc":{"start":{"line":397,"column":63},"end":{"line":397,"column":82}}},"25":{"name":"(anonymous_25)","decl":{"start":{"line":413,"column":9},"end":{"line":413,"column":25}},"loc":{"start":{"line":414,"column":31},"end":{"line":425,"column":3}}},"26":{"name":"(anonymous_26)","decl":{"start":{"line":437,"column":9},"end":{"line":437,"column":29}},"loc":{"start":{"line":437,"column":45},"end":{"line":447,"column":3}}},"27":{"name":"(anonymous_27)","decl":{"start":{"line":439,"column":56},"end":{"line":439,"column":57}},"loc":{"start":{"line":440,"column":6},"end":{"line":440,"column":67}}}},"branchMap":{"0":{"loc":{"start":{"line":51,"column":4},"end":{"line":51,"column":30}},"type":"default-arg","locations":[{"start":{"line":51,"column":26},"end":{"line":51,"column":30}}]},"1":{"loc":{"start":{"line":52,"column":4},"end":{"line":52,"column":38}},"type":"default-arg","locations":[{"start":{"line":52,"column":36},"end":{"line":52,"column":38}}]},"2":{"loc":{"start":{"line":54,"column":19},"end":{"line":56,"column":51}},"type":"cond-expr","locations":[{"start":{"line":55,"column":8},"end":{"line":55,"column":44}},{"start":{"line":56,"column":8},"end":{"line":56,"column":51}}]},"3":{"loc":{"start":{"line":60,"column":4},"end":{"line":66,"column":5}},"type":"if","locations":[{"start":{"line":60,"column":4},"end":{"line":66,"column":5}},{"start":{"line":64,"column":11},"end":{"line":66,"column":5}}]},"4":{"loc":{"start":{"line":76,"column":4},"end":{"line":78,"column":5}},"type":"if","locations":[{"start":{"line":76,"column":4},"end":{"line":78,"column":5}}]},"5":{"loc":{"start":{"line":81,"column":4},"end":{"line":85,"column":5}},"type":"if","locations":[{"start":{"line":81,"column":4},"end":{"line":85,"column":5}}]},"6":{"loc":{"start":{"line":97,"column":4},"end":{"line":101,"column":5}},"type":"if","locations":[{"start":{"line":97,"column":4},"end":{"line":101,"column":5}}]},"7":{"loc":{"start":{"line":97,"column":8},"end":{"line":97,"column":60}},"type":"binary-expr","locations":[{"start":{"line":97,"column":8},"end":{"line":97,"column":35}},{"start":{"line":97,"column":39},"end":{"line":97,"column":60}}]},"8":{"loc":{"start":{"line":120,"column":6},"end":{"line":127,"column":7}},"type":"if","locations":[{"start":{"line":120,"column":6},"end":{"line":127,"column":7}},{"start":{"line":124,"column":13},"end":{"line":127,"column":7}}]},"9":{"loc":{"start":{"line":148,"column":6},"end":{"line":152,"column":7}},"type":"if","locations":[{"start":{"line":148,"column":6},"end":{"line":152,"column":7}},{"start":{"line":150,"column":13},"end":{"line":152,"column":7}}]},"10":{"loc":{"start":{"line":169,"column":31},"end":{"line":169,"column":80}},"type":"binary-expr","locations":[{"start":{"line":169,"column":31},"end":{"line":169,"column":62}},{"start":{"line":169,"column":66},"end":{"line":169,"column":80}}]},"11":{"loc":{"start":{"line":169,"column":31},"end":{"line":169,"column":62}},"type":"cond-expr","locations":[{"start":{"line":169,"column":50},"end":{"line":169,"column":52}},{"start":{"line":169,"column":50},"end":{"line":169,"column":62}}]},"12":{"loc":{"start":{"line":169,"column":31},"end":{"line":169,"column":52}},"type":"binary-expr","locations":[{"start":{"line":169,"column":31},"end":{"line":169,"column":52}},{"start":{"line":169,"column":50},"end":{"line":169,"column":52}}]},"13":{"loc":{"start":{"line":209,"column":19},"end":{"line":209,"column":63}},"type":"cond-expr","locations":[{"start":{"line":209,"column":30},"end":{"line":209,"column":45}},{"start":{"line":209,"column":48},"end":{"line":209,"column":63}}]},"14":{"loc":{"start":{"line":230,"column":4},"end":{"line":235,"column":5}},"type":"if","locations":[{"start":{"line":230,"column":4},"end":{"line":235,"column":5}},{"start":{"line":232,"column":11},"end":{"line":235,"column":5}}]},"15":{"loc":{"start":{"line":232,"column":11},"end":{"line":235,"column":5}},"type":"if","locations":[{"start":{"line":232,"column":11},"end":{"line":235,"column":5}}]},"16":{"loc":{"start":{"line":232,"column":15},"end":{"line":232,"column":35}},"type":"binary-expr","locations":[{"start":{"line":232,"column":15},"end":{"line":232,"column":23}},{"start":{"line":232,"column":27},"end":{"line":232,"column":35}}]},"17":{"loc":{"start":{"line":234,"column":13},"end":{"line":234,"column":41}},"type":"cond-expr","locations":[{"start":{"line":234,"column":36},"end":{"line":234,"column":37}},{"start":{"line":234,"column":40},"end":{"line":234,"column":41}}]},"18":{"loc":{"start":{"line":258,"column":4},"end":{"line":260,"column":5}},"type":"if","locations":[{"start":{"line":258,"column":4},"end":{"line":260,"column":5}}]},"19":{"loc":{"start":{"line":258,"column":8},"end":{"line":258,"column":60}},"type":"binary-expr","locations":[{"start":{"line":258,"column":8},"end":{"line":258,"column":35}},{"start":{"line":258,"column":39},"end":{"line":258,"column":60}}]},"20":{"loc":{"start":{"line":282,"column":4},"end":{"line":282,"column":null}},"type":"if","locations":[{"start":{"line":282,"column":4},"end":{"line":282,"column":null}}]},"21":{"loc":{"start":{"line":298,"column":11},"end":{"line":298,"column":78}},"type":"cond-expr","locations":[{"start":{"line":298,"column":37},"end":{"line":298,"column":71}},{"start":{"line":298,"column":74},"end":{"line":298,"column":78}}]},"22":{"loc":{"start":{"line":309,"column":4},"end":{"line":311,"column":5}},"type":"if","locations":[{"start":{"line":309,"column":4},"end":{"line":311,"column":5}}]},"23":{"loc":{"start":{"line":323,"column":4},"end":{"line":325,"column":5}},"type":"if","locations":[{"start":{"line":323,"column":4},"end":{"line":325,"column":5}}]},"24":{"loc":{"start":{"line":354,"column":4},"end":{"line":355,"column":null}},"type":"if","locations":[{"start":{"line":354,"column":4},"end":{"line":355,"column":null}}]},"25":{"loc":{"start":{"line":357,"column":21},"end":{"line":357,"column":55}},"type":"binary-expr","locations":[{"start":{"line":357,"column":21},"end":{"line":357,"column":49}},{"start":{"line":357,"column":53},"end":{"line":357,"column":55}}]},"26":{"loc":{"start":{"line":375,"column":30},"end":{"line":375,"column":55}},"type":"binary-expr","locations":[{"start":{"line":375,"column":30},"end":{"line":375,"column":50}},{"start":{"line":375,"column":54},"end":{"line":375,"column":55}}]},"27":{"loc":{"start":{"line":399,"column":4},"end":{"line":401,"column":5}},"type":"if","locations":[{"start":{"line":399,"column":4},"end":{"line":401,"column":5}}]},"28":{"loc":{"start":{"line":414,"column":4},"end":{"line":414,"column":31}},"type":"default-arg","locations":[{"start":{"line":414,"column":27},"end":{"line":414,"column":31}}]},"29":{"loc":{"start":{"line":420,"column":4},"end":{"line":422,"column":5}},"type":"if","locations":[{"start":{"line":420,"column":4},"end":{"line":422,"column":5}}]},"30":{"loc":{"start":{"line":421,"column":13},"end":{"line":421,"column":38}},"type":"binary-expr","locations":[{"start":{"line":421,"column":13},"end":{"line":421,"column":33}},{"start":{"line":421,"column":37},"end":{"line":421,"column":38}}]},"31":{"loc":{"start":{"line":443,"column":4},"end":{"line":445,"column":5}},"type":"if","locations":[{"start":{"line":443,"column":4},"end":{"line":445,"column":5}}]}},"s":{"0":37,"1":37,"2":37,"3":24,"4":13,"5":34,"6":0,"7":34,"8":34,"9":0,"10":3,"11":0,"12":3,"13":24,"14":24,"15":48,"16":48,"17":48,"18":0,"19":24,"20":34,"21":34,"22":34,"23":0,"24":0,"25":0,"26":0,"27":37,"28":37,"29":37,"30":347,"31":347,"32":347,"33":37,"34":37,"35":37,"36":37,"37":347,"38":347,"39":347,"40":37,"41":347,"42":331,"43":16,"44":16,"45":16,"46":0,"47":347,"48":2,"49":0,"50":17,"51":17,"52":0,"53":17,"54":35,"55":2,"56":0,"57":2,"58":1,"59":0,"60":1,"61":18,"62":17,"63":0,"64":17,"65":17,"66":117,"67":366,"68":6,"69":6,"70":27,"71":27,"72":6,"73":9,"74":2,"75":2,"76":2,"77":0,"78":2,"79":4,"80":4,"81":4,"82":0,"83":2,"84":2,"85":10,"86":2,"87":1,"88":1},"f":{"0":37,"1":34,"2":3,"3":24,"4":48,"5":34,"6":37,"7":347,"8":37,"9":347,"10":347,"11":2,"12":17,"13":35,"14":2,"15":1,"16":18,"17":17,"18":117,"19":366,"20":6,"21":27,"22":9,"23":2,"24":2,"25":4,"26":2,"27":10},"b":{"0":[0],"1":[13],"2":[34,3],"3":[24,13],"4":[0],"5":[0],"6":[0],"7":[3,3],"8":[48,0],"9":[0,0],"10":[347,37],"11":[37,310],"12":[347,347],"13":[331,16],"14":[331,16],"15":[16],"16":[16,16],"17":[13,3],"18":[0],"19":[2,2],"20":[0],"21":[35,0],"22":[0],"23":[0],"24":[0],"25":[17,0],"26":[27,17],"27":[0],"28":[0],"29":[4],"30":[4,1],"31":[1]}}
,"/home/mattias/lnu/courses/1dv610_mjukvarukvalitet/assignments/labs/mddoc-toolkit/lib/NpmReadmeProcessor.ts": {"path":"/home/mattias/lnu/courses/1dv610_mjukvarukvalitet/assignments/labs/mddoc-toolkit/lib/NpmReadmeProcessor.ts","statementMap":{"0":{"start":{"line":8,"column":32},"end":{"line":8,"column":75}},"1":{"start":{"line":40,"column":6},"end":{"line":41,"column":74}},"2":{"start":{"line":44,"column":33},"end":{"line":46,"column":57}},"3":{"start":{"line":48,"column":4},"end":{"line":48,"column":null}},"4":{"start":{"line":57,"column":4},"end":{"line":60,"column":null}},"5":{"start":{"line":67,"column":4},"end":{"line":70,"column":null}},"6":{"start":{"line":77,"column":4},"end":{"line":80,"column":null}}},"fnMap":{"0":{"name":"(anonymous_0)","decl":{"start":{"line":33,"column":2},"end":{"line":33,"column":null}},"loc":{"start":{"line":36,"column":61},"end":{"line":49,"column":3}}},"1":{"name":"(anonymous_1)","decl":{"start":{"line":56,"column":2},"end":{"line":56,"column":13}},"loc":{"start":{"line":56,"column":21},"end":{"line":61,"column":3}}},"2":{"name":"(anonymous_2)","decl":{"start":{"line":66,"column":2},"end":{"line":66,"column":13}},"loc":{"start":{"line":66,"column":30},"end":{"line":71,"column":3}}},"3":{"name":"(anonymous_3)","decl":{"start":{"line":76,"column":2},"end":{"line":76,"column":13}},"loc":{"start":{"line":76,"column":27},"end":{"line":81,"column":3}}}},"branchMap":{"0":{"loc":{"start":{"line":35,"column":4},"end":{"line":35,"column":30}},"type":"default-arg","locations":[{"start":{"line":35,"column":26},"end":{"line":35,"column":30}}]},"1":{"loc":{"start":{"line":36,"column":4},"end":{"line":36,"column":61}},"type":"default-arg","locations":[{"start":{"line":36,"column":36},"end":{"line":36,"column":61}}]},"2":{"loc":{"start":{"line":40,"column":6},"end":{"line":41,"column":74}},"type":"binary-expr","locations":[{"start":{"line":40,"column":6},"end":{"line":40,"column":38}},{"start":{"line":41,"column":6},"end":{"line":41,"column":74}}]},"3":{"loc":{"start":{"line":44,"column":33},"end":{"line":46,"column":57}},"type":"cond-expr","locations":[{"start":{"line":45,"column":8},"end":{"line":45,"column":27}},{"start":{"line":46,"column":8},"end":{"line":46,"column":57}}]}},"s":{"0":1,"1":3,"2":3,"3":3,"4":1,"5":1,"6":1},"f":{"0":3,"1":1,"2":1,"3":1},"b":{"0":[0],"1":[3],"2":[3,3],"3":[0,3]}}
,"/home/mattias/lnu/courses/1dv610_mjukvarukvalitet/assignments/labs/mddoc-toolkit/lib/RepoReadmeProcessor.ts": {"path":"/home/mattias/lnu/courses/1dv610_mjukvarukvalitet/assignments/labs/mddoc-toolkit/lib/RepoReadmeProcessor.ts","statementMap":{"0":{"start":{"line":8,"column":32},"end":{"line":8,"column":76}},"1":{"start":{"line":40,"column":6},"end":{"line":41,"column":74}},"2":{"start":{"line":44,"column":33},"end":{"line":46,"column":57}},"3":{"start":{"line":48,"column":4},"end":{"line":48,"column":null}},"4":{"start":{"line":57,"column":4},"end":{"line":60,"column":null}},"5":{"start":{"line":67,"column":4},"end":{"line":67,"column":null}},"6":{"start":{"line":74,"column":4},"end":{"line":74,"column":null}},"7":{"start":{"line":81,"column":4},"end":{"line":84,"column":null}},"8":{"start":{"line":91,"column":4},"end":{"line":94,"column":null}},"9":{"start":{"line":101,"column":4},"end":{"line":104,"column":null}},"10":{"start":{"line":111,"column":4},"end":{"line":114,"column":null}},"11":{"start":{"line":123,"column":25},"end":{"line":123,"column":77}},"12":{"start":{"line":123,"column":57},"end":{"line":123,"column":76}},"13":{"start":{"line":125,"column":4},"end":{"line":127,"column":5}},"14":{"start":{"line":126,"column":6},"end":{"line":126,"column":null}},"15":{"start":{"line":129,"column":4},"end":{"line":132,"column":null}}},"fnMap":{"0":{"name":"(anonymous_0)","decl":{"start":{"line":33,"column":2},"end":{"line":33,"column":null}},"loc":{"start":{"line":36,"column":61},"end":{"line":49,"column":3}}},"1":{"name":"(anonymous_1)","decl":{"start":{"line":56,"column":2},"end":{"line":56,"column":13}},"loc":{"start":{"line":56,"column":37},"end":{"line":61,"column":3}}},"2":{"name":"(anonymous_2)","decl":{"start":{"line":66,"column":2},"end":{"line":66,"column":13}},"loc":{"start":{"line":66,"column":26},"end":{"line":68,"column":3}}},"3":{"name":"(anonymous_3)","decl":{"start":{"line":73,"column":2},"end":{"line":73,"column":13}},"loc":{"start":{"line":73,"column":16},"end":{"line":75,"column":3}}},"4":{"name":"(anonymous_4)","decl":{"start":{"line":80,"column":2},"end":{"line":80,"column":13}},"loc":{"start":{"line":80,"column":26},"end":{"line":85,"column":3}}},"5":{"name":"(anonymous_5)","decl":{"start":{"line":90,"column":2},"end":{"line":90,"column":13}},"loc":{"start":{"line":90,"column":25},"end":{"line":95,"column":3}}},"6":{"name":"(anonymous_6)","decl":{"start":{"line":100,"column":2},"end":{"line":100,"column":13}},"loc":{"start":{"line":100,"column":35},"end":{"line":105,"column":3}}},"7":{"name":"(anonymous_7)","decl":{"start":{"line":110,"column":2},"end":{"line":110,"column":13}},"loc":{"start":{"line":110,"column":24},"end":{"line":115,"column":3}}},"8":{"name":"(anonymous_8)","decl":{"start":{"line":122,"column":2},"end":{"line":122,"column":13}},"loc":{"start":{"line":122,"column":32},"end":{"line":133,"column":3}}},"9":{"name":"(anonymous_9)","decl":{"start":{"line":123,"column":44},"end":{"line":123,"column":45}},"loc":{"start":{"line":123,"column":57},"end":{"line":123,"column":76}}}},"branchMap":{"0":{"loc":{"start":{"line":35,"column":4},"end":{"line":35,"column":30}},"type":"default-arg","locations":[{"start":{"line":35,"column":26},"end":{"line":35,"column":30}}]},"1":{"loc":{"start":{"line":36,"column":4},"end":{"line":36,"column":61}},"type":"default-arg","locations":[{"start":{"line":36,"column":36},"end":{"line":36,"column":61}}]},"2":{"loc":{"start":{"line":40,"column":6},"end":{"line":41,"column":74}},"type":"binary-expr","locations":[{"start":{"line":40,"column":6},"end":{"line":40,"column":38}},{"start":{"line":41,"column":6},"end":{"line":41,"column":74}}]},"3":{"loc":{"start":{"line":44,"column":33},"end":{"line":46,"column":57}},"type":"cond-expr","locations":[{"start":{"line":45,"column":8},"end":{"line":45,"column":27}},{"start":{"line":46,"column":8},"end":{"line":46,"column":57}}]},"4":{"loc":{"start":{"line":125,"column":4},"end":{"line":127,"column":5}},"type":"if","locations":[{"start":{"line":125,"column":4},"end":{"line":127,"column":5}}]}},"s":{"0":2,"1":11,"2":11,"3":11,"4":1,"5":1,"6":1,"7":1,"8":1,"9":1,"10":1,"11":1,"12":1,"13":1,"14":0,"15":1},"f":{"0":11,"1":1,"2":1,"3":1,"4":1,"5":1,"6":1,"7":1,"8":1,"9":1},"b":{"0":[0],"1":[8],"2":[11,8],"3":[0,11],"4":[0]}}
}
