TN:
SF:lib/ChangelogProcessor.ts
FN:37,(anonymous_0)
FN:58,(anonymous_1)
FN:68,(anonymous_2)
FN:75,(anonymous_3)
FN:82,(anonymous_4)
FN:92,(anonymous_5)
FN:99,(anonymous_6)
FN:106,(anonymous_7)
FN:126,(anonymous_8)
FNF:9
FNH:9
FNDA:10,(anonymous_0)
FNDA:1,(anonymous_1)
FNDA:1,(anonymous_2)
FNDA:1,(anonymous_3)
FNDA:1,(anonymous_4)
FNDA:1,(anonymous_5)
FNDA:1,(anonymous_6)
FNDA:1,(anonymous_7)
FNDA:2,(anonymous_8)
DA:12,1
DA:44,10
DA:48,10
DA:52,10
DA:59,1
DA:69,1
DA:76,1
DA:83,1
DA:93,1
DA:100,1
DA:107,1
DA:130,2
DA:131,2
DA:134,2
DA:135,0
DA:138,2
DA:140,2
DA:141,17
DA:142,1
DA:145,17
DA:146,3
DA:149,17
DA:150,2
DA:154,2
DA:155,1
DA:160,1
LF:26
LH:25
BRDA:39,0,0,0
BRDA:40,1,0,10
BRDA:44,2,0,10
BRDA:44,2,1,10
BRDA:48,3,0,0
BRDA:48,3,1,10
BRDA:134,4,0,0
BRDA:141,5,0,1
BRDA:145,6,0,3
BRDA:149,7,0,2
BRDA:154,8,0,1
BRF:11
BRH:8
end_of_record
TN:
SF:lib/HeadingDictionary.ts
FN:39,(anonymous_0)
FN:58,(anonymous_1)
FN:76,(anonymous_2)
FN:86,(anonymous_3)
FN:98,(anonymous_4)
FN:111,(anonymous_5)
FNF:6
FNH:4
FNDA:76,(anonymous_0)
FNDA:45,(anonymous_1)
FNDA:79,(anonymous_2)
FNDA:0,(anonymous_3)
FNDA:0,(anonymous_4)
FNDA:45,(anonymous_5)
DA:41,76
DA:42,45
DA:43,45
DA:45,31
DA:59,45
DA:60,45
DA:61,45
DA:63,0
DA:64,0
DA:66,0
DA:77,79
DA:87,0
DA:99,0
DA:100,0
DA:102,0
DA:112,45
DA:113,45
DA:114,45
LF:18
LH:11
BRDA:41,0,0,45
BRDA:41,0,1,31
BRDA:63,1,0,0
BRDA:63,1,1,0
BRDA:87,2,0,0
BRDA:87,2,1,0
BRDA:99,3,0,0
BRF:7
BRH:2
end_of_record
TN:
SF:lib/MarkdownParser.ts
FN:36,(anonymous_0)
FN:62,(anonymous_1)
FN:83,(anonymous_2)
FN:103,(anonymous_3)
FN:108,(anonymous_4)
FN:131,(anonymous_5)
FN:153,(anonymous_6)
FN:157,(anonymous_7)
FN:204,(anonymous_8)
FN:239,(anonymous_9)
FN:257,(anonymous_10)
FN:271,(anonymous_11)
FN:291,(anonymous_12)
FN:308,(anonymous_13)
FN:321,(anonymous_14)
FN:332,(anonymous_15)
FN:346,(anonymous_16)
FN:361,(anonymous_17)
FN:374,(anonymous_18)
FN:384,(anonymous_19)
FN:418,(anonymous_20)
FN:421,(anonymous_21)
FN:434,(anonymous_22)
FN:444,(anonymous_23)
FN:446,(anonymous_24)
FN:463,(anonymous_25)
FN:484,(anonymous_26)
FN:486,(anonymous_27)
FN:502,(anonymous_28)
FN:506,(anonymous_29)
FN:514,(anonymous_30)
FNF:31
FNH:26
FNDA:31,(anonymous_0)
FNDA:24,(anonymous_1)
FNDA:7,(anonymous_2)
FNDA:21,(anonymous_3)
FNDA:45,(anonymous_4)
FNDA:24,(anonymous_5)
FNDA:31,(anonymous_6)
FNDA:322,(anonymous_7)
FNDA:33,(anonymous_8)
FNDA:337,(anonymous_9)
FNDA:746,(anonymous_10)
FNDA:1,(anonymous_11)
FNDA:17,(anonymous_12)
FNDA:25,(anonymous_13)
FNDA:34,(anonymous_14)
FNDA:0,(anonymous_15)
FNDA:0,(anonymous_16)
FNDA:673,(anonymous_17)
FNDA:17,(anonymous_18)
FNDA:724,(anonymous_19)
FNDA:1,(anonymous_20)
FNDA:5,(anonymous_21)
FNDA:8,(anonymous_22)
FNDA:0,(anonymous_23)
FNDA:0,(anonymous_24)
FNDA:0,(anonymous_25)
FNDA:1,(anonymous_26)
FNDA:5,(anonymous_27)
FNDA:2,(anonymous_28)
FNDA:2,(anonymous_29)
FNDA:4,(anonymous_30)
DA:41,31
DA:45,31
DA:47,31
DA:48,21
DA:52,10
DA:63,24
DA:64,0
DA:67,24
DA:68,24
DA:69,0
DA:84,7
DA:85,0
DA:89,7
DA:106,21
DA:108,21
DA:109,45
DA:111,45
DA:112,45
DA:115,0
DA:119,21
DA:132,24
DA:134,24
DA:135,24
DA:137,0
DA:138,0
DA:140,0
DA:142,0
DA:154,31
DA:155,31
DA:157,31
DA:158,322
DA:159,322
DA:162,322
DA:169,322
DA:170,676
DA:171,422
DA:173,422
DA:174,422
DA:181,422
DA:183,254
DA:188,322
DA:195,31
DA:208,33
DA:214,33
DA:217,33
DA:218,337
DA:219,337
DA:222,337
DA:230,33
DA:240,337
DA:241,325
DA:242,12
DA:243,12
DA:244,12
DA:246,0
DA:262,746
DA:272,1
DA:273,0
DA:295,17
DA:298,17
DA:299,0
DA:308,25
DA:322,34
DA:333,0
DA:334,0
DA:336,0
DA:347,0
DA:348,0
DA:350,0
DA:362,673
DA:375,17
DA:376,0
DA:378,17
DA:379,17
DA:381,17
DA:383,17
DA:384,215
DA:385,724
DA:389,215
DA:390,25
DA:391,0
DA:393,25
DA:394,190
DA:396,0
DA:399,190
DA:400,22
DA:401,22
DA:406,17
DA:407,3
DA:410,17
DA:419,1
DA:421,1
DA:422,5
DA:423,5
DA:426,1
DA:435,8
DA:445,0
DA:446,0
DA:449,0
DA:450,0
DA:453,0
DA:467,0
DA:470,0
DA:471,0
DA:474,0
DA:485,1
DA:486,1
DA:487,5
DA:490,1
DA:491,0
DA:493,1
DA:503,2
DA:506,2
DA:508,2
DA:509,0
DA:514,4
DA:518,2
DA:525,2
LF:118
LH:87
BRDA:38,0,0,0
BRDA:39,1,0,10
BRDA:41,2,0,24
BRDA:41,2,1,7
BRDA:47,3,0,21
BRDA:47,3,1,10
BRDA:63,4,0,0
BRDA:68,5,0,0
BRDA:84,6,0,0
BRDA:84,7,0,7
BRDA:84,7,1,7
BRDA:109,8,0,45
BRDA:109,8,1,0
BRDA:137,9,0,0
BRDA:137,9,1,0
BRDA:159,10,0,322
BRDA:159,10,1,31
BRDA:159,11,0,31
BRDA:159,11,1,291
BRDA:159,12,0,322
BRDA:159,12,1,322
BRDA:170,13,0,422
BRDA:170,13,1,254
BRDA:173,14,0,422
BRDA:173,14,1,37
BRDA:173,15,0,37
BRDA:173,15,1,385
BRDA:173,16,0,422
BRDA:173,16,1,422
BRDA:219,17,0,325
BRDA:219,17,1,12
BRDA:240,18,0,325
BRDA:240,18,1,12
BRDA:242,19,0,12
BRDA:242,20,0,12
BRDA:242,20,1,12
BRDA:244,21,0,10
BRDA:244,21,1,2
BRDA:272,22,0,0
BRDA:272,23,0,1
BRDA:272,23,1,1
BRDA:298,24,0,0
BRDA:322,25,0,34
BRDA:322,25,1,0
BRDA:333,26,0,0
BRDA:347,27,0,0
BRDA:375,28,0,0
BRDA:378,29,0,17
BRDA:378,29,1,0
BRDA:389,30,0,25
BRDA:389,30,1,190
BRDA:390,31,0,0
BRDA:394,32,0,0
BRDA:394,32,1,190
BRDA:394,33,0,190
BRDA:394,33,1,22
BRDA:399,34,0,22
BRDA:406,35,0,3
BRDA:423,36,0,5
BRDA:423,36,1,3
BRDA:449,37,0,0
BRDA:464,38,0,0
BRDA:470,39,0,0
BRDA:471,40,0,0
BRDA:471,40,1,0
BRDA:490,41,0,0
BRDA:508,42,0,0
BRDA:514,43,0,2
BRDA:514,43,1,0
BRDA:514,44,0,0
BRDA:514,44,1,2
BRDA:514,45,0,2
BRDA:514,45,1,2
BRF:73
BRH:48
end_of_record
TN:
SF:lib/NpmReadmeProcessor.ts
FN:34,(anonymous_0)
FN:57,(anonymous_1)
FN:67,(anonymous_2)
FN:77,(anonymous_3)
FNF:4
FNH:4
FNDA:3,(anonymous_0)
FNDA:1,(anonymous_1)
FNDA:1,(anonymous_2)
FNDA:1,(anonymous_3)
DA:8,1
DA:41,3
DA:45,3
DA:49,3
DA:58,1
DA:68,1
DA:78,1
LF:7
LH:7
BRDA:36,0,0,0
BRDA:37,1,0,3
BRDA:41,2,0,3
BRDA:41,2,1,3
BRDA:45,3,0,0
BRDA:45,3,1,3
BRF:6
BRH:4
end_of_record
TN:
SF:lib/RepoReadmeProcessor.ts
FN:35,(anonymous_0)
FN:58,(anonymous_1)
FN:68,(anonymous_2)
FN:75,(anonymous_3)
FN:82,(anonymous_4)
FN:92,(anonymous_5)
FN:102,(anonymous_6)
FN:112,(anonymous_7)
FN:125,(anonymous_8)
FNF:9
FNH:9
FNDA:11,(anonymous_0)
FNDA:1,(anonymous_1)
FNDA:1,(anonymous_2)
FNDA:1,(anonymous_3)
FNDA:1,(anonymous_4)
FNDA:1,(anonymous_5)
FNDA:1,(anonymous_6)
FNDA:1,(anonymous_7)
FNDA:1,(anonymous_8)
DA:9,2
DA:42,11
DA:46,11
DA:50,11
DA:59,1
DA:69,1
DA:76,1
DA:83,1
DA:93,1
DA:103,1
DA:113,1
DA:126,1
DA:128,1
DA:129,0
DA:132,1
LF:15
LH:14
BRDA:37,0,0,0
BRDA:38,1,0,8
BRDA:42,2,0,11
BRDA:42,2,1,8
BRDA:46,3,0,0
BRDA:46,3,1,11
BRDA:128,4,0,0
BRF:7
BRH:4
end_of_record
