TN:
SF:lib/ChangelogProcessor.ts
FN:35,(anonymous_0)
FN:56,(anonymous_1)
FN:66,(anonymous_2)
FN:73,(anonymous_3)
FN:80,(anonymous_4)
FN:90,(anonymous_5)
FN:97,(anonymous_6)
FN:104,(anonymous_7)
FN:124,(anonymous_8)
FNF:9
FNH:9
FNDA:10,(anonymous_0)
FNDA:1,(anonymous_1)
FNDA:1,(anonymous_2)
FNDA:1,(anonymous_3)
FNDA:1,(anonymous_4)
FNDA:1,(anonymous_5)
FNDA:1,(anonymous_6)
FNDA:1,(anonymous_7)
FNDA:2,(anonymous_8)
DA:11,1
DA:42,10
DA:46,10
DA:50,10
DA:57,1
DA:67,1
DA:74,1
DA:81,1
DA:91,1
DA:98,1
DA:105,1
DA:128,2
DA:129,2
DA:132,2
DA:133,0
DA:136,2
DA:138,2
DA:139,17
DA:140,1
DA:143,17
DA:144,3
DA:147,17
DA:148,2
DA:152,2
DA:153,1
DA:158,1
LF:26
LH:25
BRDA:37,0,0,0
BRDA:38,1,0,10
BRDA:42,2,0,10
BRDA:42,2,1,10
BRDA:46,3,0,0
BRDA:46,3,1,10
BRDA:132,4,0,0
BRDA:139,5,0,1
BRDA:143,6,0,3
BRDA:147,7,0,2
BRDA:152,8,0,1
BRF:11
BRH:8
end_of_record
TN:
SF:lib/HeadingDictionary.ts
FN:37,(anonymous_0)
FN:56,(anonymous_1)
FN:74,(anonymous_2)
FN:84,(anonymous_3)
FN:96,(anonymous_4)
FNF:5
FNH:5
FNDA:85,(anonymous_0)
FNDA:48,(anonymous_1)
FNDA:83,(anonymous_2)
FNDA:2,(anonymous_3)
FNDA:1,(anonymous_4)
DA:39,85
DA:40,48
DA:43,37
DA:57,48
DA:58,48
DA:59,48
DA:61,0
DA:62,0
DA:64,0
DA:75,83
DA:85,2
DA:97,1
DA:98,0
DA:100,1
LF:14
LH:10
BRDA:39,0,0,48
BRDA:39,0,1,37
BRDA:61,1,0,0
BRDA:61,1,1,0
BRDA:85,2,0,2
BRDA:85,2,1,0
BRDA:97,3,0,0
BRF:7
BRH:3
end_of_record
TN:
SF:lib/MarkdownParser.ts
FN:49,(anonymous_0)
FN:75,(anonymous_1)
FN:96,(anonymous_2)
FN:116,(anonymous_3)
FN:119,(anonymous_4)
FN:142,(anonymous_5)
FN:163,(anonymous_6)
FN:167,(anonymous_7)
FN:194,(anonymous_8)
FN:229,(anonymous_9)
FN:247,(anonymous_10)
FN:257,(anonymous_11)
FN:277,(anonymous_12)
FN:297,(anonymous_13)
FN:308,(anonymous_14)
FN:322,(anonymous_15)
FN:337,(anonymous_16)
FN:353,(anonymous_17)
FN:358,(anonymous_18)
FN:359,(anonymous_19)
FN:370,(anonymous_20)
FN:373,(anonymous_21)
FN:386,(anonymous_22)
FN:396,(anonymous_23)
FN:397,(anonymous_24)
FN:413,(anonymous_25)
FN:437,(anonymous_26)
FN:439,(anonymous_27)
FNF:28
FNH:28
FNDA:37,(anonymous_0)
FNDA:34,(anonymous_1)
FNDA:3,(anonymous_2)
FNDA:24,(anonymous_3)
FNDA:48,(anonymous_4)
FNDA:34,(anonymous_5)
FNDA:37,(anonymous_6)
FNDA:347,(anonymous_7)
FNDA:37,(anonymous_8)
FNDA:347,(anonymous_9)
FNDA:347,(anonymous_10)
FNDA:2,(anonymous_11)
FNDA:17,(anonymous_12)
FNDA:35,(anonymous_13)
FNDA:2,(anonymous_14)
FNDA:1,(anonymous_15)
FNDA:18,(anonymous_16)
FNDA:17,(anonymous_17)
FNDA:117,(anonymous_18)
FNDA:366,(anonymous_19)
FNDA:6,(anonymous_20)
FNDA:27,(anonymous_21)
FNDA:9,(anonymous_22)
FNDA:2,(anonymous_23)
FNDA:2,(anonymous_24)
FNDA:4,(anonymous_25)
FNDA:2,(anonymous_26)
FNDA:10,(anonymous_27)
DA:54,37
DA:58,37
DA:60,37
DA:61,24
DA:65,13
DA:76,34
DA:77,0
DA:80,34
DA:81,34
DA:82,0
DA:97,3
DA:98,0
DA:102,3
DA:117,24
DA:119,24
DA:120,48
DA:122,48
DA:123,48
DA:126,0
DA:130,24
DA:143,34
DA:145,34
DA:146,34
DA:148,0
DA:149,0
DA:151,0
DA:153,0
DA:164,37
DA:165,37
DA:167,37
DA:169,347
DA:172,347
DA:178,347
DA:185,37
DA:198,37
DA:204,37
DA:207,37
DA:208,347
DA:209,347
DA:212,347
DA:220,37
DA:230,347
DA:231,331
DA:232,16
DA:233,16
DA:234,16
DA:236,0
DA:248,347
DA:258,2
DA:259,0
DA:281,17
DA:282,17
DA:284,17
DA:298,35
DA:309,2
DA:310,0
DA:312,2
DA:323,1
DA:324,0
DA:326,1
DA:338,18
DA:354,17
DA:355,0
DA:357,17
DA:358,17
DA:359,117
DA:360,366
DA:371,6
DA:373,6
DA:374,27
DA:375,27
DA:378,6
DA:387,9
DA:397,2
DA:399,2
DA:400,0
DA:403,2
DA:417,4
DA:420,4
DA:421,4
DA:424,0
DA:438,2
DA:439,2
DA:440,10
DA:443,2
DA:444,1
DA:446,1
LF:87
LH:72
BRDA:51,0,0,0
BRDA:52,1,0,13
BRDA:54,2,0,34
BRDA:54,2,1,3
BRDA:60,3,0,24
BRDA:60,3,1,13
BRDA:76,4,0,0
BRDA:81,5,0,0
BRDA:97,6,0,0
BRDA:97,7,0,3
BRDA:97,7,1,3
BRDA:120,8,0,48
BRDA:120,8,1,0
BRDA:148,9,0,0
BRDA:148,9,1,0
BRDA:169,10,0,347
BRDA:169,10,1,37
BRDA:169,11,0,37
BRDA:169,11,1,310
BRDA:169,12,0,347
BRDA:169,12,1,347
BRDA:209,13,0,331
BRDA:209,13,1,16
BRDA:230,14,0,331
BRDA:230,14,1,16
BRDA:232,15,0,16
BRDA:232,16,0,16
BRDA:232,16,1,16
BRDA:234,17,0,13
BRDA:234,17,1,3
BRDA:258,18,0,0
BRDA:258,19,0,2
BRDA:258,19,1,2
BRDA:282,20,0,0
BRDA:298,21,0,35
BRDA:298,21,1,0
BRDA:309,22,0,0
BRDA:323,23,0,0
BRDA:354,24,0,0
BRDA:357,25,0,17
BRDA:357,25,1,0
BRDA:375,26,0,27
BRDA:375,26,1,17
BRDA:399,27,0,0
BRDA:414,28,0,0
BRDA:420,29,0,4
BRDA:421,30,0,4
BRDA:421,30,1,1
BRDA:443,31,0,1
BRF:49
BRH:33
end_of_record
TN:
SF:lib/NpmReadmeProcessor.ts
FN:33,(anonymous_0)
FN:56,(anonymous_1)
FN:66,(anonymous_2)
FN:76,(anonymous_3)
FNF:4
FNH:4
FNDA:3,(anonymous_0)
FNDA:1,(anonymous_1)
FNDA:1,(anonymous_2)
FNDA:1,(anonymous_3)
DA:8,1
DA:40,3
DA:44,3
DA:48,3
DA:57,1
DA:67,1
DA:77,1
LF:7
LH:7
BRDA:35,0,0,0
BRDA:36,1,0,3
BRDA:40,2,0,3
BRDA:40,2,1,3
BRDA:44,3,0,0
BRDA:44,3,1,3
BRF:6
BRH:4
end_of_record
TN:
SF:lib/RepoReadmeProcessor.ts
FN:33,(anonymous_0)
FN:56,(anonymous_1)
FN:66,(anonymous_2)
FN:73,(anonymous_3)
FN:80,(anonymous_4)
FN:90,(anonymous_5)
FN:100,(anonymous_6)
FN:110,(anonymous_7)
FN:122,(anonymous_8)
FN:123,(anonymous_9)
FNF:10
FNH:10
FNDA:11,(anonymous_0)
FNDA:1,(anonymous_1)
FNDA:1,(anonymous_2)
FNDA:1,(anonymous_3)
FNDA:1,(anonymous_4)
FNDA:1,(anonymous_5)
FNDA:1,(anonymous_6)
FNDA:1,(anonymous_7)
FNDA:1,(anonymous_8)
FNDA:1,(anonymous_9)
DA:8,2
DA:40,11
DA:44,11
DA:48,11
DA:57,1
DA:67,1
DA:74,1
DA:81,1
DA:91,1
DA:101,1
DA:111,1
DA:123,1
DA:125,1
DA:126,0
DA:129,1
LF:15
LH:14
BRDA:35,0,0,0
BRDA:36,1,0,8
BRDA:40,2,0,11
BRDA:40,2,1,8
BRDA:44,3,0,0
BRDA:44,3,1,11
BRDA:125,4,0,0
BRF:7
BRH:4
end_of_record
